2018-10-31 14:50:25,885 [Worker-2] INFO  c.g.t.t.d.PublishedGradleVersions - Gradle version information cache is up-to-date. Trying to read.
2018-10-31 16:23:05,677 [Worker-23] INFO  o.e.m.c.i.p.ProjectConfigurationManager - Collecting project info '/pom.xml' C:\Java\TrainingHOL\javaapp-sprint\pom.xml
2018-10-31 16:23:12,463 [Worker-23] INFO  o.e.m.c.i.l.LifecycleMappingFactory - Using org.eclipse.m2e.jdt.JarLifecycleMapping lifecycle mapping for MavenProject: com.sprint:javaapp-sprint:0.0.1-SNAPSHOT @ C:\Java\TrainingHOL\javaapp-sprint\pom.xml.
2018-10-31 16:23:14,357 [Worker-23] INFO  o.e.m.j.i.AbstractJavaProjectConfigurator - Adding source folder /javaapp-sprint/src/main/java
2018-10-31 16:23:14,390 [Worker-23] INFO  o.e.m.j.i.AbstractJavaProjectConfigurator - Adding source folder /javaapp-sprint/src/test/java
2018-10-31 16:23:16,239 [Worker-23] INFO  o.e.m.c.i.p.ProjectConfigurationManager - Imported and configured 1 project(s) in 10 sec
2018-10-31 16:23:17,223 [Worker-31] INFO  o.e.m.c.i.embedder.EclipseLogger - Using 'UTF-8' encoding to copy filtered resources.
2018-10-31 16:23:17,224 [Worker-31] INFO  o.e.m.c.i.embedder.EclipseLogger - skip non existing resourceDirectory C:\Java\TrainingHOL\javaapp-sprint\src\main\resources
2018-10-31 16:23:17,226 [Worker-31] INFO  o.e.m.c.i.embedder.EclipseLogger - Using 'UTF-8' encoding to copy filtered resources.
2018-10-31 16:23:17,227 [Worker-31] INFO  o.e.m.c.i.embedder.EclipseLogger - skip non existing resourceDirectory C:\Java\TrainingHOL\javaapp-sprint\src\test\resources
2018-10-31 16:23:42,924 [Worker-28] INFO  o.e.m.c.i.embedder.EclipseLogger - Using 'UTF-8' encoding to copy filtered resources.
2018-10-31 16:23:42,924 [Worker-28] INFO  o.e.m.c.i.embedder.EclipseLogger - skip non existing resourceDirectory C:\Java\TrainingHOL\javaapp-sprint\src\main\resources
2018-10-31 16:23:42,927 [Worker-28] INFO  o.e.m.c.i.embedder.EclipseLogger - Using 'UTF-8' encoding to copy filtered resources.
2018-10-31 16:23:42,927 [Worker-28] INFO  o.e.m.c.i.embedder.EclipseLogger - skip non existing resourceDirectory C:\Java\TrainingHOL\javaapp-sprint\src\test\resources
2018-10-31 17:30:50,847 [Worker-2] INFO  c.g.t.t.d.PublishedGradleVersions - Gradle version information cache is up-to-date. Trying to read.
2018-10-31 17:30:58,425 [Worker-1] INFO  o.e.m.c.i.l.LifecycleMappingFactory - Using org.eclipse.m2e.jdt.JarLifecycleMapping lifecycle mapping for MavenProject: com.sprint:javaapp-sprint:0.0.1-SNAPSHOT @ C:\Java\TrainingHOL\javaapp-sprint\pom.xml.
2018-10-31 17:31:00,448 [Worker-9] INFO  o.e.m.c.i.embedder.EclipseLogger - Using 'UTF-8' encoding to copy filtered resources.
2018-10-31 17:31:00,448 [Worker-9] INFO  o.e.m.c.i.embedder.EclipseLogger - skip non existing resourceDirectory C:\Java\TrainingHOL\javaapp-sprint\src\main\resources
2018-10-31 17:31:00,453 [Worker-9] INFO  o.e.m.c.i.embedder.EclipseLogger - Using 'UTF-8' encoding to copy filtered resources.
2018-10-31 17:31:00,453 [Worker-9] INFO  o.e.m.c.i.embedder.EclipseLogger - skip non existing resourceDirectory C:\Java\TrainingHOL\javaapp-sprint\src\test\resources
2018-10-31 19:14:07,722 [Worker-8] INFO  o.e.m.c.i.l.LifecycleMappingFactory - Using org.eclipse.m2e.jdt.JarLifecycleMapping lifecycle mapping for MavenProject: com.sprint:javaapp-sprint:0.0.1-SNAPSHOT @ C:\Java\TrainingHOL\javaapp-sprint\pom.xml.
2018-10-31 19:14:08,011 [Worker-8] INFO  o.e.m.c.i.embedder.EclipseLogger - Using 'UTF-8' encoding to copy filtered resources.
2018-10-31 19:14:08,012 [Worker-8] INFO  o.e.m.c.i.embedder.EclipseLogger - skip non existing resourceDirectory C:\Java\TrainingHOL\javaapp-sprint\src\main\resources
2018-10-31 19:14:08,012 [Worker-8] INFO  o.e.m.c.i.embedder.EclipseLogger - skip non existing resourceDirectory C:\Java\TrainingHOL\javaapp-sprint\src\main\resources
2018-10-31 19:14:08,015 [Worker-8] INFO  o.e.m.c.i.embedder.EclipseLogger - Using 'UTF-8' encoding to copy filtered resources.
2018-10-31 19:14:08,015 [Worker-8] INFO  o.e.m.c.i.embedder.EclipseLogger - skip non existing resourceDirectory C:\Java\TrainingHOL\javaapp-sprint\src\test\resources
2018-10-31 19:16:39,524 [Worker-24] INFO  o.e.m.c.i.l.LifecycleMappingFactory - Using org.eclipse.m2e.jdt.JarLifecycleMapping lifecycle mapping for MavenProject: com.sprint:javaapp-sprint:0.0.1-SNAPSHOT @ C:\Java\TrainingHOL\javaapp-sprint\pom.xml.
2018-10-31 19:16:40,088 [Worker-24] INFO  o.e.m.c.i.embedder.EclipseLogger - Using 'UTF-8' encoding to copy filtered resources.
2018-10-31 19:16:40,088 [Worker-24] INFO  o.e.m.c.i.embedder.EclipseLogger - skip non existing resourceDirectory C:\Java\TrainingHOL\javaapp-sprint\src\main\resources
2018-10-31 19:16:40,088 [Worker-24] INFO  o.e.m.c.i.embedder.EclipseLogger - skip non existing resourceDirectory C:\Java\TrainingHOL\javaapp-sprint\src\main\resources
2018-10-31 19:16:40,104 [Worker-24] INFO  o.e.m.c.i.embedder.EclipseLogger - Using 'UTF-8' encoding to copy filtered resources.
2018-10-31 19:16:40,104 [Worker-24] INFO  o.e.m.c.i.embedder.EclipseLogger - skip non existing resourceDirectory C:\Java\TrainingHOL\javaapp-sprint\src\test\resources
2018-10-31 19:16:41,740 [Worker-21] INFO  o.e.m.c.i.embedder.EclipseLogger - Using 'UTF-8' encoding to copy filtered resources.
2018-10-31 19:16:41,741 [Worker-21] INFO  o.e.m.c.i.embedder.EclipseLogger - skip non existing resourceDirectory C:\Java\TrainingHOL\javaapp-sprint\src\main\resources
2018-10-31 19:16:41,747 [Worker-21] INFO  o.e.m.c.i.embedder.EclipseLogger - skip non existing resourceDirectory C:\Java\TrainingHOL\javaapp-sprint\src\main\resources
2018-10-31 19:16:41,756 [Worker-21] INFO  o.e.m.c.i.embedder.EclipseLogger - Using 'UTF-8' encoding to copy filtered resources.
2018-10-31 19:16:41,762 [Worker-21] INFO  o.e.m.c.i.embedder.EclipseLogger - skip non existing resourceDirectory C:\Java\TrainingHOL\javaapp-sprint\src\test\resources
2018-10-31 19:20:03,859 [Worker-24] INFO  o.e.m.c.i.l.LifecycleMappingFactory - Using org.eclipse.m2e.jdt.JarLifecycleMapping lifecycle mapping for MavenProject: com.sprint:javaapp-sprint:0.0.1-SNAPSHOT @ C:\Java\TrainingHOL\javaapp-sprint\pom.xml.
2018-10-31 19:20:04,536 [Worker-24] INFO  o.e.m.c.i.embedder.EclipseLogger - Using 'UTF-8' encoding to copy filtered resources.
2018-10-31 19:20:04,544 [Worker-24] INFO  o.e.m.c.i.embedder.EclipseLogger - skip non existing resourceDirectory C:\Java\TrainingHOL\javaapp-sprint\src\main\resources
2018-10-31 19:20:04,552 [Worker-24] INFO  o.e.m.c.i.embedder.EclipseLogger - skip non existing resourceDirectory C:\Java\TrainingHOL\javaapp-sprint\src\main\resources
2018-10-31 19:20:04,555 [Worker-24] INFO  o.e.m.c.i.embedder.EclipseLogger - Using 'UTF-8' encoding to copy filtered resources.
2018-10-31 19:20:04,562 [Worker-24] INFO  o.e.m.c.i.embedder.EclipseLogger - skip non existing resourceDirectory C:\Java\TrainingHOL\javaapp-sprint\src\test\resources
2018-10-31 19:20:44,133 [Worker-24] INFO  o.e.m.c.i.l.LifecycleMappingFactory - Using org.eclipse.m2e.jdt.JarLifecycleMapping lifecycle mapping for MavenProject: com.sprint:javaapp-sprint:0.0.1-SNAPSHOT @ C:\Java\TrainingHOL\javaapp-sprint\pom.xml.
2018-10-31 19:20:44,775 [Worker-24] INFO  o.e.m.c.i.embedder.EclipseLogger - Using 'UTF-8' encoding to copy filtered resources.
2018-10-31 19:20:44,776 [Worker-24] INFO  o.e.m.c.i.embedder.EclipseLogger - skip non existing resourceDirectory C:\Java\TrainingHOL\javaapp-sprint\src\main\resources
2018-10-31 19:20:44,784 [Worker-24] INFO  o.e.m.c.i.embedder.EclipseLogger - skip non existing resourceDirectory C:\Java\TrainingHOL\javaapp-sprint\src\main\resources
2018-10-31 19:20:44,798 [Worker-24] INFO  o.e.m.c.i.embedder.EclipseLogger - Using 'UTF-8' encoding to copy filtered resources.
2018-10-31 19:20:44,808 [Worker-24] INFO  o.e.m.c.i.embedder.EclipseLogger - skip non existing resourceDirectory C:\Java\TrainingHOL\javaapp-sprint\src\test\resources
2018-10-31 19:21:31,594 [Worker-31] INFO  o.e.m.c.i.p.ProjectConfigurationManager - Update started
2018-10-31 19:21:32,287 [Worker-31] INFO  o.e.m.c.i.l.LifecycleMappingFactory - Using org.eclipse.m2e.jdt.JarLifecycleMapping lifecycle mapping for MavenProject: com.sprint:javaapp-sprint:0.0.1-SNAPSHOT @ C:\Java\TrainingHOL\javaapp-sprint\pom.xml.
2018-10-31 19:21:32,881 [Worker-31] INFO  o.e.m.j.i.AbstractJavaProjectConfigurator - Adding source folder /javaapp-sprint/src/main/java
2018-10-31 19:21:32,894 [Worker-31] INFO  o.e.m.j.i.AbstractJavaProjectConfigurator - Adding source folder /javaapp-sprint/src/test/java
2018-10-31 19:21:33,356 [Worker-31] INFO  o.e.m.c.i.p.ProjectConfigurationManager - Update completed: 1 sec
2018-10-31 19:21:33,926 [Worker-31] INFO  o.e.m.c.i.embedder.EclipseLogger - Using 'UTF-8' encoding to copy filtered resources.
2018-10-31 19:21:33,926 [Worker-31] INFO  o.e.m.c.i.embedder.EclipseLogger - skip non existing resourceDirectory C:\Java\TrainingHOL\javaapp-sprint\src\main\resources
2018-10-31 19:21:33,932 [Worker-31] INFO  o.e.m.c.i.embedder.EclipseLogger - skip non existing resourceDirectory C:\Java\TrainingHOL\javaapp-sprint\src\main\resources
2018-10-31 19:21:33,935 [Worker-31] INFO  o.e.m.c.i.embedder.EclipseLogger - Using 'UTF-8' encoding to copy filtered resources.
2018-10-31 19:21:33,942 [Worker-31] INFO  o.e.m.c.i.embedder.EclipseLogger - skip non existing resourceDirectory C:\Java\TrainingHOL\javaapp-sprint\src\test\resources
2018-10-31 19:47:30,885 [Worker-34] INFO  o.e.m.c.i.embedder.EclipseLogger - Using 'UTF-8' encoding to copy filtered resources.
2018-10-31 19:47:30,886 [Worker-34] INFO  o.e.m.c.i.embedder.EclipseLogger - skip non existing resourceDirectory C:\Java\TrainingHOL\javaapp-sprint\src\main\resources
2018-10-31 19:47:30,886 [Worker-34] INFO  o.e.m.c.i.embedder.EclipseLogger - skip non existing resourceDirectory C:\Java\TrainingHOL\javaapp-sprint\src\main\resources
2018-10-31 19:47:30,903 [Worker-34] INFO  o.e.m.c.i.embedder.EclipseLogger - Using 'UTF-8' encoding to copy filtered resources.
2018-10-31 19:47:30,912 [Worker-34] INFO  o.e.m.c.i.embedder.EclipseLogger - skip non existing resourceDirectory C:\Java\TrainingHOL\javaapp-sprint\src\test\resources
2018-10-31 19:47:39,986 [Worker-36] INFO  o.e.m.c.i.embedder.EclipseLogger - Using 'UTF-8' encoding to copy filtered resources.
2018-10-31 19:47:39,986 [Worker-36] INFO  o.e.m.c.i.embedder.EclipseLogger - skip non existing resourceDirectory C:\Java\TrainingHOL\javaapp-sprint\src\main\resources
2018-10-31 19:47:39,996 [Worker-36] INFO  o.e.m.c.i.embedder.EclipseLogger - skip non existing resourceDirectory C:\Java\TrainingHOL\javaapp-sprint\src\main\resources
2018-10-31 19:47:40,009 [Worker-36] INFO  o.e.m.c.i.embedder.EclipseLogger - Using 'UTF-8' encoding to copy filtered resources.
2018-10-31 19:47:40,018 [Worker-36] INFO  o.e.m.c.i.embedder.EclipseLogger - skip non existing resourceDirectory C:\Java\TrainingHOL\javaapp-sprint\src\test\resources
2018-10-31 19:51:12,587 [Worker-34] INFO  o.e.m.c.i.embedder.EclipseLogger - Using 'UTF-8' encoding to copy filtered resources.
2018-10-31 19:51:12,598 [Worker-34] INFO  o.e.m.c.i.embedder.EclipseLogger - skip non existing resourceDirectory C:\Java\TrainingHOL\javaapp-sprint\src\main\resources
2018-10-31 19:51:12,609 [Worker-34] INFO  o.e.m.c.i.embedder.EclipseLogger - skip non existing resourceDirectory C:\Java\TrainingHOL\javaapp-sprint\src\main\resources
2018-10-31 19:51:12,622 [Worker-34] INFO  o.e.m.c.i.embedder.EclipseLogger - Using 'UTF-8' encoding to copy filtered resources.
2018-10-31 19:51:12,622 [Worker-34] INFO  o.e.m.c.i.embedder.EclipseLogger - skip non existing resourceDirectory C:\Java\TrainingHOL\javaapp-sprint\src\test\resources
2018-10-31 19:58:52,723 [Worker-34] INFO  o.e.m.c.i.embedder.EclipseLogger - Using 'UTF-8' encoding to copy filtered resources.
2018-10-31 19:58:52,723 [Worker-34] INFO  o.e.m.c.i.embedder.EclipseLogger - skip non existing resourceDirectory C:\Java\TrainingHOL\javaapp-sprint\src\main\resources
2018-10-31 19:58:52,723 [Worker-34] INFO  o.e.m.c.i.embedder.EclipseLogger - skip non existing resourceDirectory C:\Java\TrainingHOL\javaapp-sprint\src\main\resources
2018-10-31 19:58:52,726 [Worker-34] INFO  o.e.m.c.i.embedder.EclipseLogger - Using 'UTF-8' encoding to copy filtered resources.
2018-10-31 19:58:52,743 [Worker-34] INFO  o.e.m.c.i.embedder.EclipseLogger - skip non existing resourceDirectory C:\Java\TrainingHOL\javaapp-sprint\src\test\resources
2018-10-31 19:59:02,018 [Worker-34] INFO  o.e.m.c.i.embedder.EclipseLogger - Using 'UTF-8' encoding to copy filtered resources.
2018-10-31 19:59:02,030 [Worker-34] INFO  o.e.m.c.i.embedder.EclipseLogger - skip non existing resourceDirectory C:\Java\TrainingHOL\javaapp-sprint\src\main\resources
2018-10-31 19:59:02,038 [Worker-34] INFO  o.e.m.c.i.embedder.EclipseLogger - skip non existing resourceDirectory C:\Java\TrainingHOL\javaapp-sprint\src\main\resources
2018-10-31 19:59:02,049 [Worker-34] INFO  o.e.m.c.i.embedder.EclipseLogger - Using 'UTF-8' encoding to copy filtered resources.
2018-10-31 19:59:02,049 [Worker-34] INFO  o.e.m.c.i.embedder.EclipseLogger - skip non existing resourceDirectory C:\Java\TrainingHOL\javaapp-sprint\src\test\resources
2018-10-31 19:59:12,173 [Worker-37] INFO  o.e.m.c.i.embedder.EclipseLogger - Using 'UTF-8' encoding to copy filtered resources.
2018-10-31 19:59:12,174 [Worker-37] INFO  o.e.m.c.i.embedder.EclipseLogger - skip non existing resourceDirectory C:\Java\TrainingHOL\javaapp-sprint\src\main\resources
2018-10-31 19:59:12,180 [Worker-37] INFO  o.e.m.c.i.embedder.EclipseLogger - skip non existing resourceDirectory C:\Java\TrainingHOL\javaapp-sprint\src\main\resources
2018-10-31 19:59:12,190 [Worker-37] INFO  o.e.m.c.i.embedder.EclipseLogger - Using 'UTF-8' encoding to copy filtered resources.
2018-10-31 19:59:12,195 [Worker-37] INFO  o.e.m.c.i.embedder.EclipseLogger - skip non existing resourceDirectory C:\Java\TrainingHOL\javaapp-sprint\src\test\resources
2018-10-31 19:59:26,173 [Worker-34] INFO  o.e.m.c.i.embedder.EclipseLogger - Using 'UTF-8' encoding to copy filtered resources.
2018-10-31 19:59:26,188 [Worker-34] INFO  o.e.m.c.i.embedder.EclipseLogger - skip non existing resourceDirectory C:\Java\TrainingHOL\javaapp-sprint\src\main\resources
2018-10-31 19:59:26,203 [Worker-34] INFO  o.e.m.c.i.embedder.EclipseLogger - skip non existing resourceDirectory C:\Java\TrainingHOL\javaapp-sprint\src\main\resources
2018-10-31 19:59:26,219 [Worker-34] INFO  o.e.m.c.i.embedder.EclipseLogger - Using 'UTF-8' encoding to copy filtered resources.
2018-10-31 19:59:26,219 [Worker-34] INFO  o.e.m.c.i.embedder.EclipseLogger - skip non existing resourceDirectory C:\Java\TrainingHOL\javaapp-sprint\src\test\resources
2018-10-31 20:01:50,455 [Worker-34] INFO  o.e.m.c.i.embedder.EclipseLogger - Using 'UTF-8' encoding to copy filtered resources.
2018-10-31 20:01:50,455 [Worker-34] INFO  o.e.m.c.i.embedder.EclipseLogger - skip non existing resourceDirectory C:\Java\TrainingHOL\javaapp-sprint\src\main\resources
2018-10-31 20:01:50,455 [Worker-34] INFO  o.e.m.c.i.embedder.EclipseLogger - skip non existing resourceDirectory C:\Java\TrainingHOL\javaapp-sprint\src\main\resources
2018-10-31 20:01:50,458 [Worker-34] INFO  o.e.m.c.i.embedder.EclipseLogger - Using 'UTF-8' encoding to copy filtered resources.
2018-10-31 20:01:50,459 [Worker-34] INFO  o.e.m.c.i.embedder.EclipseLogger - skip non existing resourceDirectory C:\Java\TrainingHOL\javaapp-sprint\src\test\resources
2018-10-31 20:02:07,992 [Worker-34] INFO  o.e.m.c.i.embedder.EclipseLogger - Using 'UTF-8' encoding to copy filtered resources.
2018-10-31 20:02:07,992 [Worker-34] INFO  o.e.m.c.i.embedder.EclipseLogger - skip non existing resourceDirectory C:\Java\TrainingHOL\javaapp-sprint\src\main\resources
2018-10-31 20:02:07,992 [Worker-34] INFO  o.e.m.c.i.embedder.EclipseLogger - skip non existing resourceDirectory C:\Java\TrainingHOL\javaapp-sprint\src\main\resources
2018-10-31 20:02:08,002 [Worker-34] INFO  o.e.m.c.i.embedder.EclipseLogger - Using 'UTF-8' encoding to copy filtered resources.
2018-10-31 20:02:08,002 [Worker-34] INFO  o.e.m.c.i.embedder.EclipseLogger - skip non existing resourceDirectory C:\Java\TrainingHOL\javaapp-sprint\src\test\resources
2018-10-31 20:02:13,235 [Worker-4] INFO  o.e.m.c.i.embedder.EclipseLogger - Using 'UTF-8' encoding to copy filtered resources.
2018-10-31 20:02:13,235 [Worker-4] INFO  o.e.m.c.i.embedder.EclipseLogger - skip non existing resourceDirectory C:\Java\TrainingHOL\javaapp-sprint\src\main\resources
2018-10-31 20:02:13,241 [Worker-4] INFO  o.e.m.c.i.embedder.EclipseLogger - skip non existing resourceDirectory C:\Java\TrainingHOL\javaapp-sprint\src\main\resources
2018-10-31 20:02:13,251 [Worker-4] INFO  o.e.m.c.i.embedder.EclipseLogger - Using 'UTF-8' encoding to copy filtered resources.
2018-10-31 20:02:13,260 [Worker-4] INFO  o.e.m.c.i.embedder.EclipseLogger - skip non existing resourceDirectory C:\Java\TrainingHOL\javaapp-sprint\src\test\resources
2018-10-31 20:02:46,513 [Worker-39] INFO  o.e.m.c.i.embedder.EclipseLogger - Using 'UTF-8' encoding to copy filtered resources.
2018-10-31 20:02:46,521 [Worker-39] INFO  o.e.m.c.i.embedder.EclipseLogger - skip non existing resourceDirectory C:\Java\TrainingHOL\javaapp-sprint\src\main\resources
2018-10-31 20:02:46,532 [Worker-39] INFO  o.e.m.c.i.embedder.EclipseLogger - skip non existing resourceDirectory C:\Java\TrainingHOL\javaapp-sprint\src\main\resources
2018-10-31 20:02:46,543 [Worker-39] INFO  o.e.m.c.i.embedder.EclipseLogger - Using 'UTF-8' encoding to copy filtered resources.
2018-10-31 20:02:46,544 [Worker-39] INFO  o.e.m.c.i.embedder.EclipseLogger - skip non existing resourceDirectory C:\Java\TrainingHOL\javaapp-sprint\src\test\resources
2018-10-31 20:12:13,436 [Worker-42] INFO  o.e.m.c.i.embedder.EclipseLogger - Using 'UTF-8' encoding to copy filtered resources.
2018-10-31 20:12:13,436 [Worker-42] INFO  o.e.m.c.i.embedder.EclipseLogger - skip non existing resourceDirectory C:\Java\TrainingHOL\javaapp-sprint\src\main\resources
2018-10-31 20:12:13,436 [Worker-42] INFO  o.e.m.c.i.embedder.EclipseLogger - skip non existing resourceDirectory C:\Java\TrainingHOL\javaapp-sprint\src\main\resources
2018-10-31 20:12:13,439 [Worker-42] INFO  o.e.m.c.i.embedder.EclipseLogger - Using 'UTF-8' encoding to copy filtered resources.
2018-10-31 20:12:13,459 [Worker-42] INFO  o.e.m.c.i.embedder.EclipseLogger - skip non existing resourceDirectory C:\Java\TrainingHOL\javaapp-sprint\src\test\resources
2018-10-31 20:12:17,173 [Worker-43] INFO  o.e.m.c.i.embedder.EclipseLogger - Using 'UTF-8' encoding to copy filtered resources.
2018-10-31 20:12:17,181 [Worker-43] INFO  o.e.m.c.i.embedder.EclipseLogger - skip non existing resourceDirectory C:\Java\TrainingHOL\javaapp-sprint\src\main\resources
2018-10-31 20:12:17,190 [Worker-43] INFO  o.e.m.c.i.embedder.EclipseLogger - skip non existing resourceDirectory C:\Java\TrainingHOL\javaapp-sprint\src\main\resources
2018-10-31 20:12:17,200 [Worker-43] INFO  o.e.m.c.i.embedder.EclipseLogger - Using 'UTF-8' encoding to copy filtered resources.
2018-10-31 20:12:17,201 [Worker-43] INFO  o.e.m.c.i.embedder.EclipseLogger - skip non existing resourceDirectory C:\Java\TrainingHOL\javaapp-sprint\src\test\resources
2018-10-31 20:12:30,845 [Worker-37] INFO  o.e.m.c.i.embedder.EclipseLogger - Using 'UTF-8' encoding to copy filtered resources.
2018-10-31 20:12:30,845 [Worker-37] INFO  o.e.m.c.i.embedder.EclipseLogger - skip non existing resourceDirectory C:\Java\TrainingHOL\javaapp-sprint\src\main\resources
2018-10-31 20:12:30,851 [Worker-37] INFO  o.e.m.c.i.embedder.EclipseLogger - skip non existing resourceDirectory C:\Java\TrainingHOL\javaapp-sprint\src\main\resources
2018-10-31 20:12:30,859 [Worker-37] INFO  o.e.m.c.i.embedder.EclipseLogger - Using 'UTF-8' encoding to copy filtered resources.
2018-10-31 20:12:30,868 [Worker-37] INFO  o.e.m.c.i.embedder.EclipseLogger - skip non existing resourceDirectory C:\Java\TrainingHOL\javaapp-sprint\src\test\resources
2018-10-31 20:21:13,395 [Worker-4] INFO  o.e.m.c.i.embedder.EclipseLogger - Using 'UTF-8' encoding to copy filtered resources.
2018-10-31 20:21:13,407 [Worker-4] INFO  o.e.m.c.i.embedder.EclipseLogger - skip non existing resourceDirectory C:\Java\TrainingHOL\javaapp-sprint\src\main\resources
2018-10-31 20:21:13,417 [Worker-4] INFO  o.e.m.c.i.embedder.EclipseLogger - skip non existing resourceDirectory C:\Java\TrainingHOL\javaapp-sprint\src\main\resources
2018-10-31 20:21:13,433 [Worker-4] INFO  o.e.m.c.i.embedder.EclipseLogger - Using 'UTF-8' encoding to copy filtered resources.
2018-10-31 20:21:13,434 [Worker-4] INFO  o.e.m.c.i.embedder.EclipseLogger - skip non existing resourceDirectory C:\Java\TrainingHOL\javaapp-sprint\src\test\resources
2018-10-31 20:29:18,158 [Worker-4] INFO  o.e.m.c.i.embedder.EclipseLogger - Using 'UTF-8' encoding to copy filtered resources.
2018-10-31 20:29:18,158 [Worker-4] INFO  o.e.m.c.i.embedder.EclipseLogger - skip non existing resourceDirectory C:\Java\TrainingHOL\javaapp-sprint\src\main\resources
2018-10-31 20:29:18,159 [Worker-4] INFO  o.e.m.c.i.embedder.EclipseLogger - skip non existing resourceDirectory C:\Java\TrainingHOL\javaapp-sprint\src\main\resources
2018-10-31 20:29:18,163 [Worker-4] INFO  o.e.m.c.i.embedder.EclipseLogger - Using 'UTF-8' encoding to copy filtered resources.
2018-10-31 20:29:18,164 [Worker-4] INFO  o.e.m.c.i.embedder.EclipseLogger - skip non existing resourceDirectory C:\Java\TrainingHOL\javaapp-sprint\src\test\resources
2018-10-31 20:30:49,912 [Worker-44] INFO  o.e.m.c.i.embedder.EclipseLogger - Using 'UTF-8' encoding to copy filtered resources.
2018-10-31 20:30:49,912 [Worker-44] INFO  o.e.m.c.i.embedder.EclipseLogger - skip non existing resourceDirectory C:\Java\TrainingHOL\javaapp-sprint\src\main\resources
2018-10-31 20:30:49,912 [Worker-44] INFO  o.e.m.c.i.embedder.EclipseLogger - skip non existing resourceDirectory C:\Java\TrainingHOL\javaapp-sprint\src\main\resources
2018-10-31 20:30:49,926 [Worker-44] INFO  o.e.m.c.i.embedder.EclipseLogger - Using 'UTF-8' encoding to copy filtered resources.
2018-10-31 20:30:49,927 [Worker-44] INFO  o.e.m.c.i.embedder.EclipseLogger - skip non existing resourceDirectory C:\Java\TrainingHOL\javaapp-sprint\src\test\resources
2018-10-31 20:32:46,367 [Worker-4] INFO  o.e.m.c.i.embedder.EclipseLogger - Using 'UTF-8' encoding to copy filtered resources.
2018-10-31 20:32:46,367 [Worker-4] INFO  o.e.m.c.i.embedder.EclipseLogger - skip non existing resourceDirectory C:\Java\TrainingHOL\javaapp-sprint\src\main\resources
2018-10-31 20:32:46,372 [Worker-4] INFO  o.e.m.c.i.embedder.EclipseLogger - skip non existing resourceDirectory C:\Java\TrainingHOL\javaapp-sprint\src\main\resources
2018-10-31 20:32:46,380 [Worker-4] INFO  o.e.m.c.i.embedder.EclipseLogger - Using 'UTF-8' encoding to copy filtered resources.
2018-10-31 20:32:46,386 [Worker-4] INFO  o.e.m.c.i.embedder.EclipseLogger - skip non existing resourceDirectory C:\Java\TrainingHOL\javaapp-sprint\src\test\resources
2018-10-31 20:50:03,483 [Worker-48] INFO  o.e.m.c.i.embedder.EclipseLogger - Using 'UTF-8' encoding to copy filtered resources.
2018-10-31 20:50:03,495 [Worker-48] INFO  o.e.m.c.i.embedder.EclipseLogger - skip non existing resourceDirectory C:\Java\TrainingHOL\javaapp-sprint\src\main\resources
2018-10-31 20:50:03,503 [Worker-48] INFO  o.e.m.c.i.embedder.EclipseLogger - skip non existing resourceDirectory C:\Java\TrainingHOL\javaapp-sprint\src\main\resources
2018-10-31 20:50:03,514 [Worker-48] INFO  o.e.m.c.i.embedder.EclipseLogger - Using 'UTF-8' encoding to copy filtered resources.
2018-10-31 20:50:03,515 [Worker-48] INFO  o.e.m.c.i.embedder.EclipseLogger - skip non existing resourceDirectory C:\Java\TrainingHOL\javaapp-sprint\src\test\resources
2018-10-31 20:53:33,475 [Worker-48] INFO  o.e.m.c.i.embedder.EclipseLogger - Using 'UTF-8' encoding to copy filtered resources.
2018-10-31 20:53:33,475 [Worker-48] INFO  o.e.m.c.i.embedder.EclipseLogger - skip non existing resourceDirectory C:\Java\TrainingHOL\javaapp-sprint\src\main\resources
2018-10-31 20:53:33,476 [Worker-48] INFO  o.e.m.c.i.embedder.EclipseLogger - skip non existing resourceDirectory C:\Java\TrainingHOL\javaapp-sprint\src\main\resources
2018-10-31 20:53:33,478 [Worker-48] INFO  o.e.m.c.i.embedder.EclipseLogger - Using 'UTF-8' encoding to copy filtered resources.
2018-10-31 20:53:33,495 [Worker-48] INFO  o.e.m.c.i.embedder.EclipseLogger - skip non existing resourceDirectory C:\Java\TrainingHOL\javaapp-sprint\src\test\resources
2018-10-31 20:57:17,526 [Worker-4] INFO  o.e.m.c.i.embedder.EclipseLogger - Using 'UTF-8' encoding to copy filtered resources.
2018-10-31 20:57:17,536 [Worker-4] INFO  o.e.m.c.i.embedder.EclipseLogger - skip non existing resourceDirectory C:\Java\TrainingHOL\javaapp-sprint\src\main\resources
2018-10-31 20:57:17,547 [Worker-4] INFO  o.e.m.c.i.embedder.EclipseLogger - skip non existing resourceDirectory C:\Java\TrainingHOL\javaapp-sprint\src\main\resources
2018-10-31 20:57:17,559 [Worker-4] INFO  o.e.m.c.i.embedder.EclipseLogger - Using 'UTF-8' encoding to copy filtered resources.
2018-10-31 20:57:17,559 [Worker-4] INFO  o.e.m.c.i.embedder.EclipseLogger - skip non existing resourceDirectory C:\Java\TrainingHOL\javaapp-sprint\src\test\resources
2018-10-31 20:57:35,905 [Worker-4] INFO  o.e.m.c.i.embedder.EclipseLogger - Using 'UTF-8' encoding to copy filtered resources.
2018-10-31 20:57:35,906 [Worker-4] INFO  o.e.m.c.i.embedder.EclipseLogger - skip non existing resourceDirectory C:\Java\TrainingHOL\javaapp-sprint\src\main\resources
2018-10-31 20:57:35,916 [Worker-4] INFO  o.e.m.c.i.embedder.EclipseLogger - skip non existing resourceDirectory C:\Java\TrainingHOL\javaapp-sprint\src\main\resources
2018-10-31 20:57:35,926 [Worker-4] INFO  o.e.m.c.i.embedder.EclipseLogger - Using 'UTF-8' encoding to copy filtered resources.
2018-10-31 20:57:35,937 [Worker-4] INFO  o.e.m.c.i.embedder.EclipseLogger - skip non existing resourceDirectory C:\Java\TrainingHOL\javaapp-sprint\src\test\resources
2018-10-31 21:00:19,691 [Worker-48] INFO  o.e.m.c.i.embedder.EclipseLogger - Using 'UTF-8' encoding to copy filtered resources.
2018-10-31 21:00:19,703 [Worker-48] INFO  o.e.m.c.i.embedder.EclipseLogger - skip non existing resourceDirectory C:\Java\TrainingHOL\javaapp-sprint\src\main\resources
2018-10-31 21:00:19,716 [Worker-48] INFO  o.e.m.c.i.embedder.EclipseLogger - skip non existing resourceDirectory C:\Java\TrainingHOL\javaapp-sprint\src\main\resources
2018-10-31 21:00:19,731 [Worker-48] INFO  o.e.m.c.i.embedder.EclipseLogger - Using 'UTF-8' encoding to copy filtered resources.
2018-10-31 21:00:19,732 [Worker-48] INFO  o.e.m.c.i.embedder.EclipseLogger - skip non existing resourceDirectory C:\Java\TrainingHOL\javaapp-sprint\src\test\resources
2018-10-31 21:00:32,446 [Worker-48] INFO  o.e.m.c.i.embedder.EclipseLogger - Using 'UTF-8' encoding to copy filtered resources.
2018-10-31 21:00:32,447 [Worker-48] INFO  o.e.m.c.i.embedder.EclipseLogger - skip non existing resourceDirectory C:\Java\TrainingHOL\javaapp-sprint\src\main\resources
2018-10-31 21:00:32,447 [Worker-48] INFO  o.e.m.c.i.embedder.EclipseLogger - skip non existing resourceDirectory C:\Java\TrainingHOL\javaapp-sprint\src\main\resources
2018-10-31 21:00:32,449 [Worker-48] INFO  o.e.m.c.i.embedder.EclipseLogger - Using 'UTF-8' encoding to copy filtered resources.
2018-10-31 21:00:32,449 [Worker-48] INFO  o.e.m.c.i.embedder.EclipseLogger - skip non existing resourceDirectory C:\Java\TrainingHOL\javaapp-sprint\src\test\resources
2018-10-31 21:00:35,186 [Worker-49] INFO  o.e.m.c.i.embedder.EclipseLogger - Using 'UTF-8' encoding to copy filtered resources.
2018-10-31 21:00:35,186 [Worker-49] INFO  o.e.m.c.i.embedder.EclipseLogger - skip non existing resourceDirectory C:\Java\TrainingHOL\javaapp-sprint\src\main\resources
2018-10-31 21:00:35,186 [Worker-49] INFO  o.e.m.c.i.embedder.EclipseLogger - skip non existing resourceDirectory C:\Java\TrainingHOL\javaapp-sprint\src\main\resources
2018-10-31 21:00:35,197 [Worker-49] INFO  o.e.m.c.i.embedder.EclipseLogger - Using 'UTF-8' encoding to copy filtered resources.
2018-10-31 21:00:35,197 [Worker-49] INFO  o.e.m.c.i.embedder.EclipseLogger - skip non existing resourceDirectory C:\Java\TrainingHOL\javaapp-sprint\src\test\resources
2018-10-31 21:00:48,729 [Worker-52] INFO  o.e.m.c.i.embedder.EclipseLogger - Using 'UTF-8' encoding to copy filtered resources.
2018-10-31 21:00:48,730 [Worker-52] INFO  o.e.m.c.i.embedder.EclipseLogger - skip non existing resourceDirectory C:\Java\TrainingHOL\javaapp-sprint\src\main\resources
2018-10-31 21:00:48,744 [Worker-52] INFO  o.e.m.c.i.embedder.EclipseLogger - skip non existing resourceDirectory C:\Java\TrainingHOL\javaapp-sprint\src\main\resources
2018-10-31 21:00:48,763 [Worker-52] INFO  o.e.m.c.i.embedder.EclipseLogger - Using 'UTF-8' encoding to copy filtered resources.
2018-10-31 21:00:48,778 [Worker-52] INFO  o.e.m.c.i.embedder.EclipseLogger - skip non existing resourceDirectory C:\Java\TrainingHOL\javaapp-sprint\src\test\resources
2018-11-01 09:28:18,974 [Worker-57] INFO  o.e.m.c.i.embedder.EclipseLogger - Using 'UTF-8' encoding to copy filtered resources.
2018-11-01 09:28:18,980 [Worker-57] INFO  o.e.m.c.i.embedder.EclipseLogger - skip non existing resourceDirectory C:\Java\TrainingHOL\javaapp-sprint\src\main\resources
2018-11-01 09:28:18,986 [Worker-57] INFO  o.e.m.c.i.embedder.EclipseLogger - skip non existing resourceDirectory C:\Java\TrainingHOL\javaapp-sprint\src\main\resources
2018-11-01 09:28:18,997 [Worker-57] INFO  o.e.m.c.i.embedder.EclipseLogger - Using 'UTF-8' encoding to copy filtered resources.
2018-11-01 09:28:18,997 [Worker-57] INFO  o.e.m.c.i.embedder.EclipseLogger - skip non existing resourceDirectory C:\Java\TrainingHOL\javaapp-sprint\src\test\resources
2018-11-01 09:43:28,142 [Worker-57] INFO  o.e.m.c.i.embedder.EclipseLogger - Using 'UTF-8' encoding to copy filtered resources.
2018-11-01 09:43:28,142 [Worker-57] INFO  o.e.m.c.i.embedder.EclipseLogger - skip non existing resourceDirectory C:\Java\TrainingHOL\javaapp-sprint\src\main\resources
2018-11-01 09:43:28,142 [Worker-57] INFO  o.e.m.c.i.embedder.EclipseLogger - skip non existing resourceDirectory C:\Java\TrainingHOL\javaapp-sprint\src\main\resources
2018-11-01 09:43:28,144 [Worker-57] INFO  o.e.m.c.i.embedder.EclipseLogger - Using 'UTF-8' encoding to copy filtered resources.
2018-11-01 09:43:28,150 [Worker-57] INFO  o.e.m.c.i.embedder.EclipseLogger - skip non existing resourceDirectory C:\Java\TrainingHOL\javaapp-sprint\src\test\resources
2018-11-01 09:43:51,670 [Worker-64] INFO  o.e.m.c.i.embedder.EclipseLogger - Using 'UTF-8' encoding to copy filtered resources.
2018-11-01 09:43:51,676 [Worker-64] INFO  o.e.m.c.i.embedder.EclipseLogger - skip non existing resourceDirectory C:\Java\TrainingHOL\javaapp-sprint\src\main\resources
2018-11-01 09:43:51,684 [Worker-64] INFO  o.e.m.c.i.embedder.EclipseLogger - skip non existing resourceDirectory C:\Java\TrainingHOL\javaapp-sprint\src\main\resources
2018-11-01 09:43:51,692 [Worker-64] INFO  o.e.m.c.i.embedder.EclipseLogger - Using 'UTF-8' encoding to copy filtered resources.
2018-11-01 09:43:51,692 [Worker-64] INFO  o.e.m.c.i.embedder.EclipseLogger - skip non existing resourceDirectory C:\Java\TrainingHOL\javaapp-sprint\src\test\resources
2018-11-01 09:56:56,200 [Worker-68] INFO  o.e.m.c.i.embedder.EclipseLogger - Using 'UTF-8' encoding to copy filtered resources.
2018-11-01 09:56:56,200 [Worker-68] INFO  o.e.m.c.i.embedder.EclipseLogger - skip non existing resourceDirectory C:\Java\TrainingHOL\javaapp-sprint\src\main\resources
2018-11-01 09:56:56,211 [Worker-68] INFO  o.e.m.c.i.embedder.EclipseLogger - skip non existing resourceDirectory C:\Java\TrainingHOL\javaapp-sprint\src\main\resources
2018-11-01 09:56:56,223 [Worker-68] INFO  o.e.m.c.i.embedder.EclipseLogger - Using 'UTF-8' encoding to copy filtered resources.
2018-11-01 09:56:56,231 [Worker-68] INFO  o.e.m.c.i.embedder.EclipseLogger - skip non existing resourceDirectory C:\Java\TrainingHOL\javaapp-sprint\src\test\resources
2018-11-01 09:57:43,374 [Worker-68] INFO  o.e.m.c.i.embedder.EclipseLogger - Using 'UTF-8' encoding to copy filtered resources.
2018-11-01 09:57:43,379 [Worker-68] INFO  o.e.m.c.i.embedder.EclipseLogger - skip non existing resourceDirectory C:\Java\TrainingHOL\javaapp-sprint\src\main\resources
2018-11-01 09:57:43,385 [Worker-68] INFO  o.e.m.c.i.embedder.EclipseLogger - skip non existing resourceDirectory C:\Java\TrainingHOL\javaapp-sprint\src\main\resources
2018-11-01 09:57:43,395 [Worker-68] INFO  o.e.m.c.i.embedder.EclipseLogger - Using 'UTF-8' encoding to copy filtered resources.
2018-11-01 09:57:43,395 [Worker-68] INFO  o.e.m.c.i.embedder.EclipseLogger - skip non existing resourceDirectory C:\Java\TrainingHOL\javaapp-sprint\src\test\resources
2018-11-01 09:57:47,597 [Worker-66] INFO  o.e.m.c.i.embedder.EclipseLogger - Using 'UTF-8' encoding to copy filtered resources.
2018-11-01 09:57:47,597 [Worker-66] INFO  o.e.m.c.i.embedder.EclipseLogger - skip non existing resourceDirectory C:\Java\TrainingHOL\javaapp-sprint\src\main\resources
2018-11-01 09:57:47,597 [Worker-66] INFO  o.e.m.c.i.embedder.EclipseLogger - skip non existing resourceDirectory C:\Java\TrainingHOL\javaapp-sprint\src\main\resources
2018-11-01 09:57:47,600 [Worker-66] INFO  o.e.m.c.i.embedder.EclipseLogger - Using 'UTF-8' encoding to copy filtered resources.
2018-11-01 09:57:47,601 [Worker-66] INFO  o.e.m.c.i.embedder.EclipseLogger - skip non existing resourceDirectory C:\Java\TrainingHOL\javaapp-sprint\src\test\resources
2018-11-01 10:03:12,250 [Worker-65] INFO  o.e.m.c.i.embedder.EclipseLogger - Using 'UTF-8' encoding to copy filtered resources.
2018-11-01 10:03:12,251 [Worker-65] INFO  o.e.m.c.i.embedder.EclipseLogger - skip non existing resourceDirectory C:\Java\TrainingHOL\javaapp-sprint\src\main\resources
2018-11-01 10:03:12,251 [Worker-65] INFO  o.e.m.c.i.embedder.EclipseLogger - skip non existing resourceDirectory C:\Java\TrainingHOL\javaapp-sprint\src\main\resources
2018-11-01 10:03:12,265 [Worker-65] INFO  o.e.m.c.i.embedder.EclipseLogger - Using 'UTF-8' encoding to copy filtered resources.
2018-11-01 10:03:12,265 [Worker-65] INFO  o.e.m.c.i.embedder.EclipseLogger - skip non existing resourceDirectory C:\Java\TrainingHOL\javaapp-sprint\src\test\resources
2018-11-01 10:03:25,174 [Worker-71] INFO  o.e.m.c.i.embedder.EclipseLogger - Using 'UTF-8' encoding to copy filtered resources.
2018-11-01 10:03:25,175 [Worker-71] INFO  o.e.m.c.i.embedder.EclipseLogger - skip non existing resourceDirectory C:\Java\TrainingHOL\javaapp-sprint\src\main\resources
2018-11-01 10:03:25,180 [Worker-71] INFO  o.e.m.c.i.embedder.EclipseLogger - skip non existing resourceDirectory C:\Java\TrainingHOL\javaapp-sprint\src\main\resources
2018-11-01 10:03:25,187 [Worker-71] INFO  o.e.m.c.i.embedder.EclipseLogger - Using 'UTF-8' encoding to copy filtered resources.
2018-11-01 10:03:25,193 [Worker-71] INFO  o.e.m.c.i.embedder.EclipseLogger - skip non existing resourceDirectory C:\Java\TrainingHOL\javaapp-sprint\src\test\resources
2018-11-01 10:04:12,303 [Worker-57] INFO  o.e.m.c.i.embedder.EclipseLogger - Using 'UTF-8' encoding to copy filtered resources.
2018-11-01 10:04:12,309 [Worker-57] INFO  o.e.m.c.i.embedder.EclipseLogger - skip non existing resourceDirectory C:\Java\TrainingHOL\javaapp-sprint\src\main\resources
2018-11-01 10:04:12,313 [Worker-57] INFO  o.e.m.c.i.embedder.EclipseLogger - skip non existing resourceDirectory C:\Java\TrainingHOL\javaapp-sprint\src\main\resources
2018-11-01 10:04:12,320 [Worker-57] INFO  o.e.m.c.i.embedder.EclipseLogger - Using 'UTF-8' encoding to copy filtered resources.
2018-11-01 10:04:12,320 [Worker-57] INFO  o.e.m.c.i.embedder.EclipseLogger - skip non existing resourceDirectory C:\Java\TrainingHOL\javaapp-sprint\src\test\resources
2018-11-01 10:05:35,285 [Worker-66] INFO  o.e.m.c.i.p.ProjectConfigurationManager - Update started
2018-11-01 10:05:39,669 [Worker-66] INFO  o.e.m.c.i.l.LifecycleMappingFactory - Using org.eclipse.m2e.jdt.JarLifecycleMapping lifecycle mapping for MavenProject: com.sprint:javaapp-sprint:0.0.1-SNAPSHOT @ C:\Java\TrainingHOL\javaapp-sprint\pom.xml.
2018-11-01 10:05:42,382 [Worker-66] INFO  o.e.m.j.i.AbstractJavaProjectConfigurator - Adding source folder /javaapp-sprint/src/main/java
2018-11-01 10:05:42,382 [Worker-66] INFO  o.e.m.j.i.AbstractJavaProjectConfigurator - Adding source folder /javaapp-sprint/src/test/java
2018-11-01 10:05:42,702 [Worker-66] INFO  o.e.m.c.i.p.ProjectConfigurationManager - Update completed: 7 sec
2018-11-01 10:05:43,406 [Worker-66] INFO  o.e.m.c.i.embedder.EclipseLogger - Using 'UTF-8' encoding to copy filtered resources.
2018-11-01 10:05:43,412 [Worker-66] INFO  o.e.m.c.i.embedder.EclipseLogger - skip non existing resourceDirectory C:\Java\TrainingHOL\javaapp-sprint\src\main\resources
2018-11-01 10:05:43,417 [Worker-66] INFO  o.e.m.c.i.embedder.EclipseLogger - skip non existing resourceDirectory C:\Java\TrainingHOL\javaapp-sprint\src\main\resources
2018-11-01 10:05:43,424 [Worker-66] INFO  o.e.m.c.i.embedder.EclipseLogger - Using 'UTF-8' encoding to copy filtered resources.
2018-11-01 10:05:43,424 [Worker-66] INFO  o.e.m.c.i.embedder.EclipseLogger - skip non existing resourceDirectory C:\Java\TrainingHOL\javaapp-sprint\src\test\resources
2018-11-01 10:07:17,934 [Worker-66] INFO  o.e.m.i.launch.MavenLaunchDelegate - C:\Java\TrainingHOL\javaapp-sprint
2018-11-01 10:07:17,935 [Worker-66] INFO  o.e.m.i.launch.MavenLaunchDelegate -  mvn -B install
2018-11-01 10:07:35,164 [Worker-73] INFO  o.e.m.c.i.embedder.EclipseLogger - Using 'UTF-8' encoding to copy filtered resources.
2018-11-01 10:07:35,169 [Worker-73] INFO  o.e.m.c.i.embedder.EclipseLogger - skip non existing resourceDirectory C:\Java\TrainingHOL\javaapp-sprint\src\main\resources
2018-11-01 10:07:35,174 [Worker-73] INFO  o.e.m.c.i.embedder.EclipseLogger - skip non existing resourceDirectory C:\Java\TrainingHOL\javaapp-sprint\src\main\resources
2018-11-01 10:07:35,175 [Worker-73] INFO  o.e.m.c.i.embedder.EclipseLogger - Using 'UTF-8' encoding to copy filtered resources.
2018-11-01 10:07:35,180 [Worker-73] INFO  o.e.m.c.i.embedder.EclipseLogger - skip non existing resourceDirectory C:\Java\TrainingHOL\javaapp-sprint\src\test\resources
2018-11-01 10:22:27,899 [Worker-66] INFO  o.e.m.c.i.embedder.EclipseLogger - Using 'UTF-8' encoding to copy filtered resources.
2018-11-01 10:22:27,915 [Worker-66] INFO  o.e.m.c.i.embedder.EclipseLogger - Copying 2 resources
2018-11-01 10:22:27,967 [Worker-66] INFO  o.e.m.c.i.embedder.EclipseLogger - Copying 23 resources
2018-11-01 10:22:28,290 [Worker-66] INFO  o.e.m.c.i.embedder.EclipseLogger - Using 'UTF-8' encoding to copy filtered resources.
2018-11-01 10:22:28,297 [Worker-66] INFO  o.e.m.c.i.embedder.EclipseLogger - skip non existing resourceDirectory C:\Java\TrainingHOL\javaapp-sprint\src\test\resources
2018-11-01 10:29:38,194 [Worker-70] INFO  o.e.m.c.i.embedder.EclipseLogger - Using 'UTF-8' encoding to copy filtered resources.
2018-11-01 10:29:38,194 [Worker-70] INFO  o.e.m.c.i.embedder.EclipseLogger - skip non existing resourceDirectory C:\Java\TrainingHOL\javaapp-sprint\src\main\resources
2018-11-01 10:29:38,201 [Worker-70] INFO  o.e.m.c.i.embedder.EclipseLogger - skip non existing resourceDirectory C:\Java\TrainingHOL\javaapp-sprint\src\main\resources
2018-11-01 10:29:38,212 [Worker-70] INFO  o.e.m.c.i.embedder.EclipseLogger - Using 'UTF-8' encoding to copy filtered resources.
2018-11-01 10:29:38,218 [Worker-70] INFO  o.e.m.c.i.embedder.EclipseLogger - skip non existing resourceDirectory C:\Java\TrainingHOL\javaapp-sprint\src\test\resources
2018-11-01 10:30:07,564 [Worker-70] INFO  o.e.m.c.i.embedder.EclipseLogger - Using 'UTF-8' encoding to copy filtered resources.
2018-11-01 10:30:07,588 [Worker-70] INFO  o.e.m.c.i.embedder.EclipseLogger - skip non existing resourceDirectory C:\Java\TrainingHOL\javaapp-sprint\src\main\resources
2018-11-01 10:30:07,606 [Worker-70] INFO  o.e.m.c.i.embedder.EclipseLogger - skip non existing resourceDirectory C:\Java\TrainingHOL\javaapp-sprint\src\main\resources
2018-11-01 10:30:07,623 [Worker-70] INFO  o.e.m.c.i.embedder.EclipseLogger - Using 'UTF-8' encoding to copy filtered resources.
2018-11-01 10:30:07,623 [Worker-70] INFO  o.e.m.c.i.embedder.EclipseLogger - skip non existing resourceDirectory C:\Java\TrainingHOL\javaapp-sprint\src\test\resources
2018-11-01 10:30:13,035 [Worker-74] INFO  o.e.m.c.i.embedder.EclipseLogger - Using 'UTF-8' encoding to copy filtered resources.
2018-11-01 10:30:13,035 [Worker-74] INFO  o.e.m.c.i.embedder.EclipseLogger - skip non existing resourceDirectory C:\Java\TrainingHOL\javaapp-sprint\src\main\resources
2018-11-01 10:30:13,035 [Worker-74] INFO  o.e.m.c.i.embedder.EclipseLogger - skip non existing resourceDirectory C:\Java\TrainingHOL\javaapp-sprint\src\main\resources
2018-11-01 10:30:13,037 [Worker-74] INFO  o.e.m.c.i.embedder.EclipseLogger - Using 'UTF-8' encoding to copy filtered resources.
2018-11-01 10:30:13,043 [Worker-74] INFO  o.e.m.c.i.embedder.EclipseLogger - skip non existing resourceDirectory C:\Java\TrainingHOL\javaapp-sprint\src\test\resources
2018-11-01 10:33:39,262 [Worker-65] INFO  o.e.m.c.i.embedder.EclipseLogger - Using 'UTF-8' encoding to copy filtered resources.
2018-11-01 10:33:39,270 [Worker-65] INFO  o.e.m.c.i.embedder.EclipseLogger - Copying 0 resource
2018-11-01 10:33:39,286 [Worker-65] INFO  o.e.m.c.i.embedder.EclipseLogger - Copying 0 resource
2018-11-01 10:33:39,309 [Worker-65] INFO  o.e.m.c.i.embedder.EclipseLogger - Using 'UTF-8' encoding to copy filtered resources.
2018-11-01 10:33:39,309 [Worker-65] INFO  o.e.m.c.i.embedder.EclipseLogger - skip non existing resourceDirectory C:\Java\TrainingHOL\javaapp-sprint\src\test\resources
2018-11-01 10:34:00,086 [Worker-65] INFO  o.e.m.c.i.embedder.EclipseLogger - Using 'UTF-8' encoding to copy filtered resources.
2018-11-01 10:34:00,086 [Worker-65] INFO  o.e.m.c.i.embedder.EclipseLogger - skip non existing resourceDirectory C:\Java\TrainingHOL\javaapp-sprint\src\main\resources
2018-11-01 10:34:00,101 [Worker-65] INFO  o.e.m.c.i.embedder.EclipseLogger - skip non existing resourceDirectory C:\Java\TrainingHOL\javaapp-sprint\src\main\resources
2018-11-01 10:34:00,119 [Worker-65] INFO  o.e.m.c.i.embedder.EclipseLogger - Using 'UTF-8' encoding to copy filtered resources.
2018-11-01 10:34:00,132 [Worker-65] INFO  o.e.m.c.i.embedder.EclipseLogger - skip non existing resourceDirectory C:\Java\TrainingHOL\javaapp-sprint\src\test\resources
2018-11-01 10:34:17,049 [Worker-70] INFO  o.e.m.c.i.embedder.EclipseLogger - Using 'UTF-8' encoding to copy filtered resources.
2018-11-01 10:34:17,067 [Worker-70] INFO  o.e.m.c.i.embedder.EclipseLogger - Copying 0 resource
2018-11-01 10:34:17,080 [Worker-70] INFO  o.e.m.c.i.embedder.EclipseLogger - Copying 0 resource
2018-11-01 10:34:17,093 [Worker-70] INFO  o.e.m.c.i.embedder.EclipseLogger - Using 'UTF-8' encoding to copy filtered resources.
2018-11-01 10:34:17,093 [Worker-70] INFO  o.e.m.c.i.embedder.EclipseLogger - skip non existing resourceDirectory C:\Java\TrainingHOL\javaapp-sprint\src\test\resources
2018-11-01 10:35:16,130 [Worker-70] INFO  o.e.m.c.i.embedder.EclipseLogger - Using 'UTF-8' encoding to copy filtered resources.
2018-11-01 10:35:16,130 [Worker-70] INFO  o.e.m.c.i.embedder.EclipseLogger - skip non existing resourceDirectory C:\Java\TrainingHOL\javaapp-sprint\src\main\resources
2018-11-01 10:35:16,130 [Worker-70] INFO  o.e.m.c.i.embedder.EclipseLogger - skip non existing resourceDirectory C:\Java\TrainingHOL\javaapp-sprint\src\main\resources
2018-11-01 10:35:16,132 [Worker-70] INFO  o.e.m.c.i.embedder.EclipseLogger - Using 'UTF-8' encoding to copy filtered resources.
2018-11-01 10:35:16,132 [Worker-70] INFO  o.e.m.c.i.embedder.EclipseLogger - skip non existing resourceDirectory C:\Java\TrainingHOL\javaapp-sprint\src\test\resources
2018-11-01 10:35:42,973 [Worker-70] INFO  o.e.m.c.i.embedder.EclipseLogger - Using 'UTF-8' encoding to copy filtered resources.
2018-11-01 10:35:42,974 [Worker-70] INFO  o.e.m.c.i.embedder.EclipseLogger - Copying 0 resource
2018-11-01 10:35:42,975 [Worker-70] INFO  o.e.m.c.i.embedder.EclipseLogger - Copying 0 resource
2018-11-01 10:35:42,990 [Worker-70] INFO  o.e.m.c.i.embedder.EclipseLogger - Using 'UTF-8' encoding to copy filtered resources.
2018-11-01 10:35:42,990 [Worker-70] INFO  o.e.m.c.i.embedder.EclipseLogger - skip non existing resourceDirectory C:\Java\TrainingHOL\javaapp-sprint\src\test\resources
2018-11-01 10:37:06,523 [Worker-76] INFO  o.e.m.c.i.embedder.EclipseLogger - Using 'UTF-8' encoding to copy filtered resources.
2018-11-01 10:37:06,523 [Worker-76] INFO  o.e.m.c.i.embedder.EclipseLogger - skip non existing resourceDirectory C:\Java\TrainingHOL\javaapp-sprint\src\main\resources
2018-11-01 10:37:06,529 [Worker-76] INFO  o.e.m.c.i.embedder.EclipseLogger - skip non existing resourceDirectory C:\Java\TrainingHOL\javaapp-sprint\src\main\resources
2018-11-01 10:37:06,543 [Worker-76] INFO  o.e.m.c.i.embedder.EclipseLogger - Using 'UTF-8' encoding to copy filtered resources.
2018-11-01 10:37:06,552 [Worker-76] INFO  o.e.m.c.i.embedder.EclipseLogger - skip non existing resourceDirectory C:\Java\TrainingHOL\javaapp-sprint\src\test\resources
2018-11-01 10:38:06,598 [Worker-70] INFO  o.e.m.c.i.embedder.EclipseLogger - Using 'UTF-8' encoding to copy filtered resources.
2018-11-01 10:38:06,627 [Worker-70] INFO  o.e.m.c.i.embedder.EclipseLogger - Copying 0 resource
2018-11-01 10:38:06,644 [Worker-70] INFO  o.e.m.c.i.embedder.EclipseLogger - Copying 0 resource
2018-11-01 10:38:06,662 [Worker-70] INFO  o.e.m.c.i.embedder.EclipseLogger - Using 'UTF-8' encoding to copy filtered resources.
2018-11-01 10:38:06,663 [Worker-70] INFO  o.e.m.c.i.embedder.EclipseLogger - skip non existing resourceDirectory C:\Java\TrainingHOL\javaapp-sprint\src\test\resources
2018-11-01 10:39:27,899 [Worker-70] INFO  o.e.m.c.i.embedder.EclipseLogger - Using 'UTF-8' encoding to copy filtered resources.
2018-11-01 10:39:27,911 [Worker-70] INFO  o.e.m.c.i.embedder.EclipseLogger - Copying 2 resources
2018-11-01 10:39:27,925 [Worker-70] INFO  o.e.m.c.i.embedder.EclipseLogger - Copying 23 resources
2018-11-01 10:39:27,932 [Worker-70] INFO  o.e.m.c.i.embedder.EclipseLogger - Using 'UTF-8' encoding to copy filtered resources.
2018-11-01 10:39:27,943 [Worker-70] INFO  o.e.m.c.i.embedder.EclipseLogger - skip non existing resourceDirectory C:\Java\TrainingHOL\javaapp-sprint\src\test\resources
2018-11-01 10:48:04,983 [Worker-77] INFO  o.e.m.c.i.p.ProjectConfigurationManager - Update started
2018-11-01 10:48:08,394 [Worker-77] INFO  o.e.m.c.i.l.LifecycleMappingFactory - Using org.eclipse.m2e.jdt.JarLifecycleMapping lifecycle mapping for MavenProject: com.sprint:javaapp-sprint:0.0.1-SNAPSHOT @ C:\Java\TrainingHOL\javaapp-sprint\pom.xml.
2018-11-01 10:48:14,596 [Worker-77] INFO  o.e.m.j.i.AbstractJavaProjectConfigurator - Adding source folder /javaapp-sprint/src/main/java
2018-11-01 10:48:14,604 [Worker-77] INFO  o.e.m.j.i.AbstractJavaProjectConfigurator - Adding resource folder /javaapp-sprint/src/main/resources
2018-11-01 10:48:14,632 [Worker-77] INFO  o.e.m.j.i.AbstractJavaProjectConfigurator - Adding resource folder /javaapp-sprint/src/main/resources
2018-11-01 10:48:14,677 [Worker-77] INFO  o.e.m.j.i.AbstractJavaProjectConfigurator - Adding source folder /javaapp-sprint/src/test/java
2018-11-01 10:48:15,376 [Worker-77] INFO  o.e.m.c.i.p.ProjectConfigurationManager - Update completed: 10 sec
2018-11-01 10:48:17,395 [Worker-78] INFO  o.e.m.c.i.embedder.EclipseLogger - Using 'UTF-8' encoding to copy filtered resources.
2018-11-01 10:48:17,411 [Worker-78] INFO  o.e.m.c.i.embedder.EclipseLogger - Copying 1 resource
2018-11-01 10:48:17,517 [Worker-78] INFO  o.e.m.c.i.embedder.EclipseLogger - Copying 21 resources
2018-11-01 10:48:19,344 [Worker-78] INFO  o.e.m.c.i.embedder.EclipseLogger - Using 'UTF-8' encoding to copy filtered resources.
2018-11-01 10:48:19,367 [Worker-78] INFO  o.e.m.c.i.embedder.EclipseLogger - skip non existing resourceDirectory C:\Java\TrainingHOL\javaapp-sprint\src\test\resources
2018-11-01 10:50:53,814 [Worker-79] INFO  o.e.m.i.launch.MavenLaunchDelegate - C:\Java\TrainingHOL\javaapp-sprint
2018-11-01 10:50:53,824 [Worker-79] INFO  o.e.m.i.launch.MavenLaunchDelegate -  mvn -B install
2018-11-01 10:52:31,743 [Worker-74] INFO  o.e.m.i.launch.MavenLaunchDelegate - C:\Java\TrainingHOL\javaapp-sprint
2018-11-01 10:52:31,749 [Worker-74] INFO  o.e.m.i.launch.MavenLaunchDelegate -  mvn -B install
2018-11-01 10:52:41,507 [Worker-76] INFO  o.e.m.c.i.embedder.EclipseLogger - Using 'UTF-8' encoding to copy filtered resources.
2018-11-01 10:52:41,522 [Worker-76] INFO  o.e.m.c.i.embedder.EclipseLogger - Copying 1 resource
2018-11-01 10:52:41,537 [Worker-76] INFO  o.e.m.c.i.embedder.EclipseLogger - Copying 21 resources
2018-11-01 10:52:41,549 [Worker-76] INFO  o.e.m.c.i.embedder.EclipseLogger - Using 'UTF-8' encoding to copy filtered resources.
2018-11-01 10:52:41,550 [Worker-76] INFO  o.e.m.c.i.embedder.EclipseLogger - skip non existing resourceDirectory C:\Java\TrainingHOL\javaapp-sprint\src\test\resources
2018-11-01 13:58:24,550 [Worker-107] INFO  o.e.m.c.i.embedder.EclipseLogger - Using 'UTF-8' encoding to copy filtered resources.
2018-11-01 13:58:24,563 [Worker-107] INFO  o.e.m.c.i.embedder.EclipseLogger - Copying 1 resource
2018-11-01 13:58:24,587 [Worker-107] INFO  o.e.m.c.i.embedder.EclipseLogger - Copying 21 resources
2018-11-01 13:58:24,609 [Worker-107] INFO  o.e.m.c.i.embedder.EclipseLogger - Using 'UTF-8' encoding to copy filtered resources.
2018-11-01 13:58:24,615 [Worker-107] INFO  o.e.m.c.i.embedder.EclipseLogger - skip non existing resourceDirectory C:\Java\TrainingHOL\javaapp-sprint\src\test\resources
2018-11-01 13:58:26,069 [Worker-107] INFO  o.e.m.c.i.embedder.EclipseLogger - Using 'UTF-8' encoding to copy filtered resources.
2018-11-01 13:58:26,083 [Worker-107] INFO  o.e.m.c.i.embedder.EclipseLogger - Copying 1 resource
2018-11-01 13:58:26,097 [Worker-107] INFO  o.e.m.c.i.embedder.EclipseLogger - Copying 21 resources
2018-11-01 13:58:26,109 [Worker-107] INFO  o.e.m.c.i.embedder.EclipseLogger - Using 'UTF-8' encoding to copy filtered resources.
2018-11-01 13:58:26,109 [Worker-107] INFO  o.e.m.c.i.embedder.EclipseLogger - skip non existing resourceDirectory C:\Java\TrainingHOL\javaapp-sprint\src\test\resources
2018-11-04 12:50:01,621 [Worker-483] INFO  o.e.m.c.i.embedder.EclipseLogger - Using 'UTF-8' encoding to copy filtered resources.
2018-11-04 12:50:01,627 [Worker-483] INFO  o.e.m.c.i.embedder.EclipseLogger - Copying 1 resource
2018-11-04 12:50:01,638 [Worker-483] INFO  o.e.m.c.i.embedder.EclipseLogger - Copying 0 resource
2018-11-04 12:50:01,643 [Worker-483] INFO  o.e.m.c.i.embedder.EclipseLogger - Using 'UTF-8' encoding to copy filtered resources.
2018-11-04 12:50:01,643 [Worker-483] INFO  o.e.m.c.i.embedder.EclipseLogger - skip non existing resourceDirectory C:\Java\TrainingHOL\javaapp-sprint\src\test\resources
2018-11-04 12:50:07,479 [Worker-492] INFO  o.e.m.i.launch.MavenLaunchDelegate - C:\Java\TrainingHOL\javaapp-sprint
2018-11-04 12:50:07,480 [Worker-492] INFO  o.e.m.i.launch.MavenLaunchDelegate -  mvn -B install
2018-11-04 12:50:40,248 [Worker-491] INFO  o.e.m.c.i.embedder.EclipseLogger - Using 'UTF-8' encoding to copy filtered resources.
2018-11-04 12:50:40,264 [Worker-491] INFO  o.e.m.c.i.embedder.EclipseLogger - Copying 1 resource
2018-11-04 12:50:40,275 [Worker-491] INFO  o.e.m.c.i.embedder.EclipseLogger - Copying 21 resources
2018-11-04 12:50:40,293 [Worker-491] INFO  o.e.m.c.i.embedder.EclipseLogger - Using 'UTF-8' encoding to copy filtered resources.
2018-11-04 12:50:40,293 [Worker-491] INFO  o.e.m.c.i.embedder.EclipseLogger - skip non existing resourceDirectory C:\Java\TrainingHOL\javaapp-sprint\src\test\resources
2018-11-07 11:20:37,631 [Worker-3] INFO  c.g.t.t.d.PublishedGradleVersions - Gradle version information cache is out-of-date. Trying to update.
2018-11-07 11:20:52,428 [Worker-18] INFO  o.e.m.c.i.l.LifecycleMappingFactory - Using org.eclipse.m2e.jdt.JarLifecycleMapping lifecycle mapping for MavenProject: com.sprint:javaapp-sprint:0.0.1-SNAPSHOT @ C:\Java\TrainingHOL\javaapp-sprint\pom.xml.
2018-11-07 11:20:58,754 [Worker-13] INFO  o.e.m.c.i.embedder.EclipseLogger - Using 'UTF-8' encoding to copy filtered resources.
2018-11-07 11:20:58,760 [Worker-13] INFO  o.e.m.c.i.embedder.EclipseLogger - Copying 1 resource
2018-11-07 11:20:58,789 [Worker-13] INFO  o.e.m.c.i.embedder.EclipseLogger - Copying 21 resources
2018-11-07 11:20:59,098 [Worker-13] INFO  o.e.m.c.i.embedder.EclipseLogger - Using 'UTF-8' encoding to copy filtered resources.
2018-11-07 11:20:59,098 [Worker-13] INFO  o.e.m.c.i.embedder.EclipseLogger - skip non existing resourceDirectory C:\Java\TrainingHOL\javaapp-sprint\src\test\resources
2018-11-07 11:22:02,317 [Worker-9] INFO  o.e.m.c.i.embedder.EclipseLogger - Using 'UTF-8' encoding to copy filtered resources.
2018-11-07 11:22:02,320 [Worker-9] INFO  o.e.m.c.i.embedder.EclipseLogger - Copying 1 resource
2018-11-07 11:22:02,324 [Worker-9] INFO  o.e.m.c.i.embedder.EclipseLogger - Copying 0 resource
2018-11-07 11:22:02,327 [Worker-9] INFO  o.e.m.c.i.embedder.EclipseLogger - Using 'UTF-8' encoding to copy filtered resources.
2018-11-07 11:22:02,327 [Worker-9] INFO  o.e.m.c.i.embedder.EclipseLogger - skip non existing resourceDirectory C:\Java\TrainingHOL\javaapp-sprint\src\test\resources
2018-11-07 11:22:18,802 [Worker-11] INFO  o.e.m.i.launch.MavenLaunchDelegate - C:\Java\TrainingHOL\javaapp-sprint
2018-11-07 11:22:18,803 [Worker-11] INFO  o.e.m.i.launch.MavenLaunchDelegate -  mvn -B install
2018-11-07 11:22:33,509 [Worker-17] INFO  o.e.m.c.i.embedder.EclipseLogger - Using 'UTF-8' encoding to copy filtered resources.
2018-11-07 11:22:33,517 [Worker-17] INFO  o.e.m.c.i.embedder.EclipseLogger - Copying 1 resource
2018-11-07 11:22:33,534 [Worker-17] INFO  o.e.m.c.i.embedder.EclipseLogger - Copying 21 resources
2018-11-07 11:22:33,541 [Worker-17] INFO  o.e.m.c.i.embedder.EclipseLogger - Using 'UTF-8' encoding to copy filtered resources.
2018-11-07 11:22:33,542 [Worker-17] INFO  o.e.m.c.i.embedder.EclipseLogger - skip non existing resourceDirectory C:\Java\TrainingHOL\javaapp-sprint\src\test\resources
2018-11-07 11:35:29,297 [Worker-3] INFO  c.g.t.t.d.PublishedGradleVersions - Gradle version information cache is up-to-date. Trying to read.
2018-11-07 11:37:41,199 [Worker-4] INFO  c.g.t.t.d.PublishedGradleVersions - Gradle version information cache is up-to-date. Trying to read.
2018-11-07 11:39:42,494 [main] INFO  o.e.m.i.launch.MavenLaunchDelegate - C:\Java\TrainingHOL\javaapp-sprint
2018-11-07 11:39:42,496 [main] INFO  o.e.m.i.launch.MavenLaunchDelegate -  mvn -B package
2018-11-07 11:39:55,828 [Worker-13] INFO  o.e.m.c.i.embedder.EclipseLogger - Using 'UTF-8' encoding to copy filtered resources.
2018-11-07 11:39:55,836 [Worker-13] INFO  o.e.m.c.i.embedder.EclipseLogger - Copying 1 resource
2018-11-07 11:39:55,856 [Worker-13] INFO  o.e.m.c.i.embedder.EclipseLogger - Copying 21 resources
2018-11-07 11:39:56,134 [Worker-13] INFO  o.e.m.c.i.embedder.EclipseLogger - Using 'UTF-8' encoding to copy filtered resources.
2018-11-07 11:39:56,134 [Worker-13] INFO  o.e.m.c.i.embedder.EclipseLogger - skip non existing resourceDirectory C:\Java\TrainingHOL\javaapp-sprint\src\test\resources
2018-11-07 11:43:30,228 [main] INFO  o.e.m2e.actions.ExecutePomAction - Creating new launch configuration
2018-11-07 11:43:36,694 [Worker-15] INFO  o.e.m.i.launch.MavenLaunchDelegate - C:\Java\TrainingHOL\javaapp-sprint
2018-11-07 11:43:36,694 [Worker-15] INFO  o.e.m.i.launch.MavenLaunchDelegate -  mvn -B clean install
2018-11-07 11:44:10,299 [Worker-15] INFO  o.e.m.i.launch.MavenLaunchDelegate - C:\Java\TrainingHOL\javaapp-sprint
2018-11-07 11:44:10,299 [Worker-15] INFO  o.e.m.i.launch.MavenLaunchDelegate -  mvn -B clean install
2018-11-07 11:44:29,785 [Worker-13] INFO  o.e.m.i.launch.MavenLaunchDelegate - C:\Java\TrainingHOL\javaapp-sprint
2018-11-07 11:44:29,786 [Worker-13] INFO  o.e.m.i.launch.MavenLaunchDelegate -  mvn -B install
2018-11-07 11:44:45,648 [main] INFO  o.e.m.i.launch.MavenLaunchDelegate - C:\Java\TrainingHOL\javaapp-sprint
2018-11-07 11:44:45,654 [main] INFO  o.e.m.i.launch.MavenLaunchDelegate -  mvn -B package
2018-11-07 11:44:52,673 [Worker-14] INFO  o.e.m.c.i.embedder.EclipseLogger - Using 'UTF-8' encoding to copy filtered resources.
2018-11-07 11:44:52,691 [Worker-14] INFO  o.e.m.c.i.embedder.EclipseLogger - Copying 1 resource
2018-11-07 11:44:52,707 [Worker-14] INFO  o.e.m.c.i.embedder.EclipseLogger - Copying 21 resources
2018-11-07 11:44:52,736 [Worker-14] INFO  o.e.m.c.i.embedder.EclipseLogger - Using 'UTF-8' encoding to copy filtered resources.
2018-11-07 11:44:52,756 [Worker-14] INFO  o.e.m.c.i.embedder.EclipseLogger - skip non existing resourceDirectory C:\Java\TrainingHOL\javaapp-sprint\src\test\resources
2018-11-07 11:46:50,749 [Worker-19] INFO  o.e.m.c.i.embedder.EclipseLogger - Using 'UTF-8' encoding to copy filtered resources.
2018-11-07 11:46:50,751 [Worker-19] INFO  o.e.m.c.i.embedder.EclipseLogger - Copying 1 resource
2018-11-07 11:46:50,762 [Worker-19] INFO  o.e.m.c.i.embedder.EclipseLogger - Copying 0 resource
2018-11-07 11:46:50,776 [Worker-19] INFO  o.e.m.c.i.embedder.EclipseLogger - Using 'UTF-8' encoding to copy filtered resources.
2018-11-07 11:46:50,785 [Worker-19] INFO  o.e.m.c.i.embedder.EclipseLogger - skip non existing resourceDirectory C:\Java\TrainingHOL\javaapp-sprint\src\test\resources
2018-11-07 11:46:55,256 [main] INFO  o.e.m.i.launch.MavenLaunchDelegate - C:\Java\TrainingHOL\javaapp-sprint
2018-11-07 11:46:55,262 [main] INFO  o.e.m.i.launch.MavenLaunchDelegate -  mvn -B package
2018-11-07 11:47:02,449 [Worker-13] INFO  o.e.m.c.i.embedder.EclipseLogger - Using 'UTF-8' encoding to copy filtered resources.
2018-11-07 11:47:02,464 [Worker-13] INFO  o.e.m.c.i.embedder.EclipseLogger - Copying 1 resource
2018-11-07 11:47:02,478 [Worker-13] INFO  o.e.m.c.i.embedder.EclipseLogger - Copying 21 resources
2018-11-07 11:47:02,490 [Worker-13] INFO  o.e.m.c.i.embedder.EclipseLogger - Using 'UTF-8' encoding to copy filtered resources.
2018-11-07 11:47:02,490 [Worker-13] INFO  o.e.m.c.i.embedder.EclipseLogger - skip non existing resourceDirectory C:\Java\TrainingHOL\javaapp-sprint\src\test\resources
2018-11-07 11:52:51,182 [main] INFO  o.e.m.i.launch.MavenLaunchDelegate - C:\Java\TrainingHOL\javaapp-sprint
2018-11-07 11:52:51,182 [main] INFO  o.e.m.i.launch.MavenLaunchDelegate -  mvn -B package
2018-11-07 11:52:58,216 [Worker-18] INFO  o.e.m.c.i.embedder.EclipseLogger - Using 'UTF-8' encoding to copy filtered resources.
2018-11-07 11:52:58,229 [Worker-18] INFO  o.e.m.c.i.embedder.EclipseLogger - Copying 1 resource
2018-11-07 11:52:58,244 [Worker-18] INFO  o.e.m.c.i.embedder.EclipseLogger - Copying 21 resources
2018-11-07 11:52:58,249 [Worker-18] INFO  o.e.m.c.i.embedder.EclipseLogger - Using 'UTF-8' encoding to copy filtered resources.
2018-11-07 11:52:58,259 [Worker-18] INFO  o.e.m.c.i.embedder.EclipseLogger - skip non existing resourceDirectory C:\Java\TrainingHOL\javaapp-sprint\src\test\resources
2018-11-07 12:14:45,284 [main] INFO  o.e.m.i.launch.MavenLaunchDelegate - C:\Java\TrainingHOL\javaapp-sprint
2018-11-07 12:14:45,284 [main] INFO  o.e.m.i.launch.MavenLaunchDelegate -  mvn -B package
2018-11-07 12:14:52,757 [Worker-25] INFO  o.e.m.c.i.embedder.EclipseLogger - Using 'UTF-8' encoding to copy filtered resources.
2018-11-07 12:14:52,772 [Worker-25] INFO  o.e.m.c.i.embedder.EclipseLogger - Copying 1 resource
2018-11-07 12:14:52,784 [Worker-25] INFO  o.e.m.c.i.embedder.EclipseLogger - Copying 21 resources
2018-11-07 12:14:52,797 [Worker-25] INFO  o.e.m.c.i.embedder.EclipseLogger - Using 'UTF-8' encoding to copy filtered resources.
2018-11-07 12:14:52,797 [Worker-25] INFO  o.e.m.c.i.embedder.EclipseLogger - skip non existing resourceDirectory C:\Java\TrainingHOL\javaapp-sprint\src\test\resources
2018-11-09 13:04:12,156 [Worker-7] INFO  c.g.t.t.d.PublishedGradleVersions - Gradle version information cache is out-of-date. Trying to update.
2018-11-14 01:46:54,550 [Worker-6] INFO  c.g.t.t.d.PublishedGradleVersions - Gradle version information cache is out-of-date. Trying to update.
2018-11-14 04:09:08,486 [Worker-52] INFO  o.e.m.c.i.embedder.EclipseLogger - Using 'UTF-8' encoding to copy filtered resources.
2018-11-14 04:09:08,496 [Worker-52] INFO  o.e.m.c.i.embedder.EclipseLogger - Copying 1 resource
2018-11-14 04:09:08,529 [Worker-52] INFO  o.e.m.c.i.embedder.EclipseLogger - Copying 21 resources
2018-11-14 04:09:08,901 [Worker-52] INFO  o.e.m.c.i.embedder.EclipseLogger - Using 'UTF-8' encoding to copy filtered resources.
2018-11-14 04:09:08,901 [Worker-52] INFO  o.e.m.c.i.embedder.EclipseLogger - skip non existing resourceDirectory C:\Java\TrainingHOL\javaapp-sprint\src\test\resources
2018-11-14 04:09:32,465 [Worker-56] INFO  o.e.m.i.launch.MavenLaunchDelegate - C:\Java\TrainingHOL\javaapp-sprint
2018-11-14 04:09:32,466 [Worker-56] INFO  o.e.m.i.launch.MavenLaunchDelegate -  mvn -B install
2018-11-14 04:09:46,948 [Worker-52] INFO  o.e.m.c.i.embedder.EclipseLogger - Using 'UTF-8' encoding to copy filtered resources.
2018-11-14 04:09:46,956 [Worker-52] INFO  o.e.m.c.i.embedder.EclipseLogger - Copying 1 resource
2018-11-14 04:09:46,966 [Worker-52] INFO  o.e.m.c.i.embedder.EclipseLogger - Copying 21 resources
2018-11-14 04:09:46,973 [Worker-52] INFO  o.e.m.c.i.embedder.EclipseLogger - Using 'UTF-8' encoding to copy filtered resources.
2018-11-14 04:09:46,973 [Worker-52] INFO  o.e.m.c.i.embedder.EclipseLogger - skip non existing resourceDirectory C:\Java\TrainingHOL\javaapp-sprint\src\test\resources
2018-11-27 17:11:19,303 [Worker-4] INFO  c.g.t.t.d.PublishedGradleVersions - Gradle version information cache is out-of-date. Trying to update.
2018-11-27 17:11:53,880 [Worker-23] INFO  o.e.m.c.i.embedder.EclipseLogger - Using 'UTF-8' encoding to copy filtered resources.
2018-11-27 17:11:53,890 [Worker-23] INFO  o.e.m.c.i.embedder.EclipseLogger - Copying 1 resource
2018-11-27 17:11:53,935 [Worker-23] INFO  o.e.m.c.i.embedder.EclipseLogger - Copying 21 resources
2018-11-27 17:11:54,554 [Worker-23] INFO  o.e.m.c.i.embedder.EclipseLogger - Using 'UTF-8' encoding to copy filtered resources.
2018-11-27 17:11:54,554 [Worker-23] INFO  o.e.m.c.i.embedder.EclipseLogger - skip non existing resourceDirectory C:\Java\TrainingHOL\javaapp-sprint\src\test\resources
2018-11-27 17:45:35,711 [Worker-15] INFO  o.e.m.i.launch.MavenLaunchDelegate - C:\Java\TrainingHOL\javaapp-sprint
2018-11-27 17:45:35,713 [Worker-15] INFO  o.e.m.i.launch.MavenLaunchDelegate -  mvn -B install
2018-11-27 17:46:10,148 [Worker-5] INFO  o.e.m.c.i.embedder.EclipseLogger - Using 'UTF-8' encoding to copy filtered resources.
2018-11-27 17:46:10,162 [Worker-5] INFO  o.e.m.c.i.embedder.EclipseLogger - Copying 1 resource
2018-11-27 17:46:10,179 [Worker-5] INFO  o.e.m.c.i.embedder.EclipseLogger - Copying 21 resources
2018-11-27 17:46:10,192 [Worker-5] INFO  o.e.m.c.i.embedder.EclipseLogger - Using 'UTF-8' encoding to copy filtered resources.
2018-11-27 17:46:10,192 [Worker-5] INFO  o.e.m.c.i.embedder.EclipseLogger - skip non existing resourceDirectory C:\Java\TrainingHOL\javaapp-sprint\src\test\resources
2018-11-28 08:54:06,829 [Worker-0] INFO  o.e.m.c.i.embedder.EclipseLogger - Using 'UTF-8' encoding to copy filtered resources.
2018-11-28 08:54:06,846 [Worker-0] INFO  o.e.m.c.i.embedder.EclipseLogger - Copying 1 resource
2018-11-28 08:54:06,895 [Worker-0] INFO  o.e.m.c.i.embedder.EclipseLogger - Copying 21 resources
2018-11-28 08:54:06,928 [Worker-0] INFO  o.e.m.c.i.embedder.EclipseLogger - Using 'UTF-8' encoding to copy filtered resources.
2018-11-28 08:54:06,929 [Worker-0] INFO  o.e.m.c.i.embedder.EclipseLogger - skip non existing resourceDirectory C:\Java\TrainingHOL\javaapp-sprint\src\test\resources
2018-11-28 08:55:13,117 [Worker-15] INFO  c.g.t.t.d.PublishedGradleVersions - Gradle version information cache is up-to-date. Trying to read.
2018-11-28 12:01:32,542 [Worker-46] INFO  o.e.m.c.i.embedder.EclipseLogger - Using 'UTF-8' encoding to copy filtered resources.
2018-11-28 12:01:32,577 [Worker-46] INFO  o.e.m.c.i.embedder.EclipseLogger - Copying 1 resource
2018-11-28 12:01:32,586 [Worker-46] INFO  o.e.m.c.i.embedder.EclipseLogger - Copying 0 resource
2018-11-28 12:01:32,590 [Worker-46] INFO  o.e.m.c.i.embedder.EclipseLogger - Using 'UTF-8' encoding to copy filtered resources.
2018-11-28 12:01:32,591 [Worker-46] INFO  o.e.m.c.i.embedder.EclipseLogger - skip non existing resourceDirectory C:\Java\TrainingHOL\javaapp-sprint\src\test\resources
2018-11-28 12:01:33,655 [Worker-50] INFO  o.e.m.c.i.embedder.EclipseLogger - Using 'UTF-8' encoding to copy filtered resources.
2018-11-28 12:01:33,657 [Worker-50] INFO  o.e.m.c.i.embedder.EclipseLogger - Copying 1 resource
2018-11-28 12:01:33,667 [Worker-50] INFO  o.e.m.c.i.embedder.EclipseLogger - Copying 0 resource
2018-11-28 12:01:33,674 [Worker-50] INFO  o.e.m.c.i.embedder.EclipseLogger - Using 'UTF-8' encoding to copy filtered resources.
2018-11-28 12:01:33,675 [Worker-50] INFO  o.e.m.c.i.embedder.EclipseLogger - skip non existing resourceDirectory C:\Java\TrainingHOL\javaapp-sprint\src\test\resources
2018-11-28 12:01:41,732 [Worker-47] INFO  o.e.m.i.launch.MavenLaunchDelegate - C:\Java\TrainingHOL\javaapp-sprint
2018-11-28 12:01:41,734 [Worker-47] INFO  o.e.m.i.launch.MavenLaunchDelegate -  mvn -B install
2018-11-28 12:10:36,773 [Worker-52] INFO  o.e.m.c.i.embedder.EclipseLogger - Using 'UTF-8' encoding to copy filtered resources.
2018-11-28 12:10:36,785 [Worker-52] INFO  o.e.m.c.i.embedder.EclipseLogger - Copying 1 resource
2018-11-28 12:10:36,814 [Worker-52] INFO  o.e.m.c.i.embedder.EclipseLogger - Copying 21 resources
2018-11-28 12:10:36,833 [Worker-52] INFO  o.e.m.c.i.embedder.EclipseLogger - Using 'UTF-8' encoding to copy filtered resources.
2018-11-28 12:10:36,847 [Worker-52] INFO  o.e.m.c.i.embedder.EclipseLogger - skip non existing resourceDirectory C:\Java\TrainingHOL\javaapp-sprint\src\test\resources
2018-11-28 12:24:31,227 [Worker-55] INFO  o.e.m.c.i.embedder.EclipseLogger - Using 'UTF-8' encoding to copy filtered resources.
2018-11-28 12:24:31,241 [Worker-55] INFO  o.e.m.c.i.embedder.EclipseLogger - Copying 1 resource
2018-11-28 12:24:31,262 [Worker-55] INFO  o.e.m.c.i.embedder.EclipseLogger - Copying 0 resource
2018-11-28 12:24:31,280 [Worker-55] INFO  o.e.m.c.i.embedder.EclipseLogger - Using 'UTF-8' encoding to copy filtered resources.
2018-11-28 12:24:31,280 [Worker-55] INFO  o.e.m.c.i.embedder.EclipseLogger - skip non existing resourceDirectory C:\Java\TrainingHOL\javaapp-sprint\src\test\resources
2018-11-28 12:24:45,777 [Worker-52] INFO  o.e.m.i.launch.MavenLaunchDelegate - C:\Java\TrainingHOL\javaapp-sprint
2018-11-28 12:24:45,778 [Worker-52] INFO  o.e.m.i.launch.MavenLaunchDelegate -  mvn -B install
2018-11-28 12:26:02,012 [Worker-60] INFO  o.e.m.c.i.embedder.EclipseLogger - Using 'UTF-8' encoding to copy filtered resources.
2018-11-28 12:26:02,021 [Worker-60] INFO  o.e.m.c.i.embedder.EclipseLogger - Copying 1 resource
2018-11-28 12:26:02,043 [Worker-60] INFO  o.e.m.c.i.embedder.EclipseLogger - Copying 21 resources
2018-11-28 12:26:02,052 [Worker-60] INFO  o.e.m.c.i.embedder.EclipseLogger - Using 'UTF-8' encoding to copy filtered resources.
2018-11-28 12:26:02,063 [Worker-60] INFO  o.e.m.c.i.embedder.EclipseLogger - skip non existing resourceDirectory C:\Java\TrainingHOL\javaapp-sprint\src\test\resources
2018-11-28 12:31:15,072 [Worker-64] INFO  o.e.m.c.i.embedder.EclipseLogger - Using 'UTF-8' encoding to copy filtered resources.
2018-11-28 12:31:15,108 [Worker-64] INFO  o.e.m.c.i.embedder.EclipseLogger - Copying 1 resource
2018-11-28 12:31:15,201 [Worker-64] INFO  o.e.m.c.i.embedder.EclipseLogger - Copying 21 resources
2018-11-28 12:31:15,237 [Worker-64] INFO  o.e.m.c.i.embedder.EclipseLogger - Using 'UTF-8' encoding to copy filtered resources.
2018-11-28 12:31:15,237 [Worker-64] INFO  o.e.m.c.i.embedder.EclipseLogger - skip non existing resourceDirectory C:\Java\TrainingHOL\javaapp-sprint\src\test\resources
2018-11-28 12:31:49,104 [Worker-65] INFO  o.e.m.c.i.embedder.EclipseLogger - Using 'UTF-8' encoding to copy filtered resources.
2018-11-28 12:31:49,110 [Worker-65] INFO  o.e.m.c.i.embedder.EclipseLogger - Copying 1 resource
2018-11-28 12:31:49,118 [Worker-65] INFO  o.e.m.c.i.embedder.EclipseLogger - Copying 21 resources
2018-11-28 12:31:49,126 [Worker-65] INFO  o.e.m.c.i.embedder.EclipseLogger - Using 'UTF-8' encoding to copy filtered resources.
2018-11-28 12:31:49,127 [Worker-65] INFO  o.e.m.c.i.embedder.EclipseLogger - skip non existing resourceDirectory C:\Java\TrainingHOL\javaapp-sprint\src\test\resources
2018-11-28 12:31:53,945 [Worker-63] INFO  o.e.m.i.launch.MavenLaunchDelegate - C:\Java\TrainingHOL\javaapp-sprint
2018-11-28 12:31:53,946 [Worker-63] INFO  o.e.m.i.launch.MavenLaunchDelegate -  mvn -B install
2018-11-28 12:37:19,102 [Worker-61] INFO  o.e.m.i.launch.MavenLaunchDelegate - C:\Java\TrainingHOL\javaapp-sprint
2018-11-28 12:37:19,114 [Worker-61] INFO  o.e.m.i.launch.MavenLaunchDelegate -  mvn -B install
2018-11-28 12:37:40,130 [Worker-68] INFO  o.e.m.i.launch.MavenLaunchDelegate - C:\Java\TrainingHOL\javaapp-sprint
2018-11-28 12:37:40,140 [Worker-68] INFO  o.e.m.i.launch.MavenLaunchDelegate -  mvn -B install
2018-11-28 12:52:19,504 [Worker-76] INFO  o.e.m.c.i.embedder.EclipseLogger - Using 'UTF-8' encoding to copy filtered resources.
2018-11-28 12:52:19,522 [Worker-76] INFO  o.e.m.c.i.embedder.EclipseLogger - Copying 1 resource
2018-11-28 12:52:19,541 [Worker-76] INFO  o.e.m.c.i.embedder.EclipseLogger - Copying 21 resources
2018-11-28 12:52:19,557 [Worker-76] INFO  o.e.m.c.i.embedder.EclipseLogger - Using 'UTF-8' encoding to copy filtered resources.
2018-11-28 12:52:19,557 [Worker-76] INFO  o.e.m.c.i.embedder.EclipseLogger - skip non existing resourceDirectory C:\Java\TrainingHOL\javaapp-sprint\src\test\resources
2018-11-28 12:52:38,985 [Worker-72] INFO  o.e.m.c.i.embedder.EclipseLogger - Using 'UTF-8' encoding to copy filtered resources.
2018-11-28 12:52:38,991 [Worker-72] INFO  o.e.m.c.i.embedder.EclipseLogger - Copying 1 resource
2018-11-28 12:52:38,999 [Worker-72] INFO  o.e.m.c.i.embedder.EclipseLogger - Copying 21 resources
2018-11-28 12:52:39,005 [Worker-72] INFO  o.e.m.c.i.embedder.EclipseLogger - Using 'UTF-8' encoding to copy filtered resources.
2018-11-28 12:52:39,005 [Worker-72] INFO  o.e.m.c.i.embedder.EclipseLogger - skip non existing resourceDirectory C:\Java\TrainingHOL\javaapp-sprint\src\test\resources
2018-11-28 12:57:37,187 [Worker-79] INFO  o.e.m.c.i.embedder.EclipseLogger - Using 'UTF-8' encoding to copy filtered resources.
2018-11-28 12:57:37,192 [Worker-79] INFO  o.e.m.c.i.embedder.EclipseLogger - Copying 1 resource
2018-11-28 12:57:37,198 [Worker-79] INFO  o.e.m.c.i.embedder.EclipseLogger - Copying 21 resources
2018-11-28 12:57:37,217 [Worker-79] INFO  o.e.m.c.i.embedder.EclipseLogger - Using 'UTF-8' encoding to copy filtered resources.
2018-11-28 12:57:37,217 [Worker-79] INFO  o.e.m.c.i.embedder.EclipseLogger - skip non existing resourceDirectory C:\Java\TrainingHOL\javaapp-sprint\src\test\resources
2018-11-28 12:58:01,387 [Worker-83] INFO  o.e.m.c.i.embedder.EclipseLogger - Using 'UTF-8' encoding to copy filtered resources.
2018-11-28 12:58:01,391 [Worker-83] INFO  o.e.m.c.i.embedder.EclipseLogger - Copying 1 resource
2018-11-28 12:58:01,407 [Worker-83] INFO  o.e.m.c.i.embedder.EclipseLogger - Copying 21 resources
2018-11-28 12:58:01,419 [Worker-83] INFO  o.e.m.c.i.embedder.EclipseLogger - Using 'UTF-8' encoding to copy filtered resources.
2018-11-28 12:58:01,426 [Worker-83] INFO  o.e.m.c.i.embedder.EclipseLogger - skip non existing resourceDirectory C:\Java\TrainingHOL\javaapp-sprint\src\test\resources
2018-11-28 12:58:20,001 [Worker-72] INFO  o.e.m.c.i.embedder.EclipseLogger - Using 'UTF-8' encoding to copy filtered resources.
2018-11-28 12:58:20,017 [Worker-72] INFO  o.e.m.c.i.embedder.EclipseLogger - Copying 1 resource
2018-11-28 12:58:20,033 [Worker-72] INFO  o.e.m.c.i.embedder.EclipseLogger - Copying 21 resources
2018-11-28 12:58:20,047 [Worker-72] INFO  o.e.m.c.i.embedder.EclipseLogger - Using 'UTF-8' encoding to copy filtered resources.
2018-11-28 12:58:20,048 [Worker-72] INFO  o.e.m.c.i.embedder.EclipseLogger - skip non existing resourceDirectory C:\Java\TrainingHOL\javaapp-sprint\src\test\resources
2018-11-28 13:03:49,290 [Worker-79] INFO  o.e.m.c.i.embedder.EclipseLogger - Using 'UTF-8' encoding to copy filtered resources.
2018-11-28 13:03:49,295 [Worker-79] INFO  o.e.m.c.i.embedder.EclipseLogger - Copying 1 resource
2018-11-28 13:03:49,300 [Worker-79] INFO  o.e.m.c.i.embedder.EclipseLogger - Copying 21 resources
2018-11-28 13:03:49,306 [Worker-79] INFO  o.e.m.c.i.embedder.EclipseLogger - Using 'UTF-8' encoding to copy filtered resources.
2018-11-28 13:03:49,314 [Worker-79] INFO  o.e.m.c.i.embedder.EclipseLogger - skip non existing resourceDirectory C:\Java\TrainingHOL\javaapp-sprint\src\test\resources
2018-11-30 08:47:23,112 [Worker-6] INFO  c.g.t.t.d.PublishedGradleVersions - Gradle version information cache is out-of-date. Trying to update.
2018-11-30 08:47:47,041 [Worker-4] INFO  o.e.m.c.i.embedder.EclipseLogger - Using 'UTF-8' encoding to copy filtered resources.
2018-11-30 08:47:47,053 [Worker-4] INFO  o.e.m.c.i.embedder.EclipseLogger - Copying 1 resource
2018-11-30 08:47:47,107 [Worker-4] INFO  o.e.m.c.i.embedder.EclipseLogger - Copying 21 resources
2018-11-30 08:47:47,786 [Worker-4] INFO  o.e.m.c.i.embedder.EclipseLogger - Using 'UTF-8' encoding to copy filtered resources.
2018-11-30 08:47:47,786 [Worker-4] INFO  o.e.m.c.i.embedder.EclipseLogger - skip non existing resourceDirectory C:\Java\TrainingHOL\javaapp-sprint\src\test\resources
2018-12-07 10:37:40,173 [Worker-6] INFO  c.g.t.t.d.PublishedGradleVersions - Gradle version information cache is out-of-date. Trying to update.
2018-12-07 10:37:50,776 [Worker-7] INFO  o.e.m.c.i.embedder.EclipseLogger - Using 'UTF-8' encoding to copy filtered resources.
2018-12-07 10:37:50,790 [Worker-7] INFO  o.e.m.c.i.embedder.EclipseLogger - Copying 1 resource
2018-12-07 10:37:50,849 [Worker-7] INFO  o.e.m.c.i.embedder.EclipseLogger - Copying 21 resources
2018-12-07 10:37:51,363 [Worker-7] INFO  o.e.m.c.i.embedder.EclipseLogger - Using 'UTF-8' encoding to copy filtered resources.
2018-12-07 10:37:51,363 [Worker-7] INFO  o.e.m.c.i.embedder.EclipseLogger - skip non existing resourceDirectory C:\Java\TrainingHOL\javaapp-sprint\src\test\resources
2018-12-07 10:51:11,116 [Worker-11] INFO  o.e.m.c.i.embedder.EclipseLogger - Using 'UTF-8' encoding to copy filtered resources.
2018-12-07 10:51:11,120 [Worker-11] INFO  o.e.m.c.i.embedder.EclipseLogger - Copying 1 resource
2018-12-07 10:51:11,124 [Worker-11] INFO  o.e.m.c.i.embedder.EclipseLogger - Copying 0 resource
2018-12-07 10:51:11,126 [Worker-11] INFO  o.e.m.c.i.embedder.EclipseLogger - Using 'UTF-8' encoding to copy filtered resources.
2018-12-07 10:51:11,126 [Worker-11] INFO  o.e.m.c.i.embedder.EclipseLogger - skip non existing resourceDirectory C:\Java\TrainingHOL\javaapp-sprint\src\test\resources
2018-12-07 10:52:37,614 [Worker-20] INFO  o.e.m.i.launch.MavenLaunchDelegate - C:\Java\TrainingHOL\javaapp-sprint
2018-12-07 10:52:37,616 [Worker-20] INFO  o.e.m.i.launch.MavenLaunchDelegate -  mvn -B install
2018-12-07 10:52:57,076 [Worker-20] INFO  o.e.m.c.i.embedder.EclipseLogger - Using 'UTF-8' encoding to copy filtered resources.
2018-12-07 10:52:57,092 [Worker-20] INFO  o.e.m.c.i.embedder.EclipseLogger - Copying 1 resource
2018-12-07 10:52:57,114 [Worker-20] INFO  o.e.m.c.i.embedder.EclipseLogger - Copying 21 resources
2018-12-07 10:52:57,144 [Worker-20] INFO  o.e.m.c.i.embedder.EclipseLogger - Using 'UTF-8' encoding to copy filtered resources.
2018-12-07 10:52:57,144 [Worker-20] INFO  o.e.m.c.i.embedder.EclipseLogger - skip non existing resourceDirectory C:\Java\TrainingHOL\javaapp-sprint\src\test\resources
2018-12-07 10:56:00,349 [main] INFO  o.e.m.i.launch.MavenLaunchDelegate - C:\Java\TrainingHOL\javaapp-sprint
2018-12-07 10:56:00,349 [main] INFO  o.e.m.i.launch.MavenLaunchDelegate -  mvn -B package
2018-12-07 10:56:12,158 [Worker-26] INFO  o.e.m.c.i.embedder.EclipseLogger - Using 'UTF-8' encoding to copy filtered resources.
2018-12-07 10:56:12,174 [Worker-26] INFO  o.e.m.c.i.embedder.EclipseLogger - Copying 1 resource
2018-12-07 10:56:12,189 [Worker-26] INFO  o.e.m.c.i.embedder.EclipseLogger - Copying 21 resources
2018-12-07 10:56:12,199 [Worker-26] INFO  o.e.m.c.i.embedder.EclipseLogger - Using 'UTF-8' encoding to copy filtered resources.
2018-12-07 10:56:12,204 [Worker-26] INFO  o.e.m.c.i.embedder.EclipseLogger - skip non existing resourceDirectory C:\Java\TrainingHOL\javaapp-sprint\src\test\resources
2018-12-07 12:22:42,297 [main] INFO  o.e.m.i.launch.MavenLaunchDelegate - C:\Java\TrainingHOL\javaapp-sprint
2018-12-07 12:22:42,297 [main] INFO  o.e.m.i.launch.MavenLaunchDelegate -  mvn -B package
2018-12-07 12:23:14,635 [Worker-44] INFO  o.e.m.c.i.embedder.EclipseLogger - Using 'UTF-8' encoding to copy filtered resources.
2018-12-07 12:23:14,649 [Worker-44] INFO  o.e.m.c.i.embedder.EclipseLogger - Copying 1 resource
2018-12-07 12:23:14,664 [Worker-44] INFO  o.e.m.c.i.embedder.EclipseLogger - Copying 21 resources
2018-12-07 12:23:14,677 [Worker-44] INFO  o.e.m.c.i.embedder.EclipseLogger - Using 'UTF-8' encoding to copy filtered resources.
2018-12-07 12:23:14,677 [Worker-44] INFO  o.e.m.c.i.embedder.EclipseLogger - skip non existing resourceDirectory C:\Java\TrainingHOL\javaapp-sprint\src\test\resources
2018-12-07 12:23:42,526 [main] INFO  o.e.m.i.launch.MavenLaunchDelegate - C:\Java\TrainingHOL\javaapp-sprint
2018-12-07 12:23:42,526 [main] INFO  o.e.m.i.launch.MavenLaunchDelegate -  mvn -B package
2018-12-07 12:23:50,053 [Worker-49] INFO  o.e.m.c.i.embedder.EclipseLogger - Using 'UTF-8' encoding to copy filtered resources.
2018-12-07 12:23:50,057 [Worker-49] INFO  o.e.m.c.i.embedder.EclipseLogger - Copying 1 resource
2018-12-07 12:23:50,063 [Worker-49] INFO  o.e.m.c.i.embedder.EclipseLogger - Copying 21 resources
2018-12-07 12:23:50,069 [Worker-49] INFO  o.e.m.c.i.embedder.EclipseLogger - Using 'UTF-8' encoding to copy filtered resources.
2018-12-07 12:23:50,069 [Worker-49] INFO  o.e.m.c.i.embedder.EclipseLogger - skip non existing resourceDirectory C:\Java\TrainingHOL\javaapp-sprint\src\test\resources
2018-12-07 17:10:22,437 [Worker-108] INFO  o.e.m.c.i.l.LifecycleMappingFactory - Using org.eclipse.m2e.jdt.JarLifecycleMapping lifecycle mapping for MavenProject: com.sprint:javaapp-sprint:0.0.1-SNAPSHOT @ C:\Java\TrainingHOL\javaapp-sprint\pom.xml.
2018-12-07 17:10:32,978 [Worker-108] INFO  o.e.m.c.i.embedder.EclipseLogger - Using 'UTF-8' encoding to copy filtered resources.
2018-12-07 17:10:32,985 [Worker-108] INFO  o.e.m.c.i.embedder.EclipseLogger - Copying 0 resource
2018-12-07 17:10:32,998 [Worker-108] INFO  o.e.m.c.i.embedder.EclipseLogger - Copying 0 resource
2018-12-07 17:10:33,014 [Worker-108] INFO  o.e.m.c.i.embedder.EclipseLogger - Using 'UTF-8' encoding to copy filtered resources.
2018-12-07 17:10:33,027 [Worker-108] INFO  o.e.m.c.i.embedder.EclipseLogger - skip non existing resourceDirectory C:\Java\TrainingHOL\javaapp-sprint\src\test\resources
2018-12-07 17:11:10,217 [Worker-109] INFO  o.e.m.c.i.l.LifecycleMappingFactory - Using org.eclipse.m2e.jdt.JarLifecycleMapping lifecycle mapping for MavenProject: com.sprint:javaapp-sprint:0.0.1-SNAPSHOT @ C:\Java\TrainingHOL\javaapp-sprint\pom.xml.
2018-12-07 17:11:11,113 [Worker-109] INFO  o.e.m.c.i.embedder.EclipseLogger - Using 'UTF-8' encoding to copy filtered resources.
2018-12-07 17:11:11,118 [Worker-109] INFO  o.e.m.c.i.embedder.EclipseLogger - Copying 0 resource
2018-12-07 17:11:11,128 [Worker-109] INFO  o.e.m.c.i.embedder.EclipseLogger - Copying 0 resource
2018-12-07 17:11:11,143 [Worker-109] INFO  o.e.m.c.i.embedder.EclipseLogger - Using 'UTF-8' encoding to copy filtered resources.
2018-12-07 17:11:11,152 [Worker-109] INFO  o.e.m.c.i.embedder.EclipseLogger - skip non existing resourceDirectory C:\Java\TrainingHOL\javaapp-sprint\src\test\resources
2018-12-07 17:11:14,521 [Worker-111] INFO  o.e.m.i.launch.MavenLaunchDelegate - C:\Java\TrainingHOL\javaapp-sprint
2018-12-07 17:11:14,533 [Worker-111] INFO  o.e.m.i.launch.MavenLaunchDelegate -  mvn -B install
2018-12-07 17:12:48,996 [Worker-102] INFO  o.e.m.c.i.l.LifecycleMappingFactory - Using org.eclipse.m2e.jdt.JarLifecycleMapping lifecycle mapping for MavenProject: com.sprint:javaapp-sprint:0.0.1-SNAPSHOT @ C:\Java\TrainingHOL\javaapp-sprint\pom.xml.
2018-12-07 17:12:49,891 [Worker-102] INFO  o.e.m.c.i.embedder.EclipseLogger - Using 'UTF-8' encoding to copy filtered resources.
2018-12-07 17:12:49,905 [Worker-102] INFO  o.e.m.c.i.embedder.EclipseLogger - Copying 0 resource
2018-12-07 17:12:49,914 [Worker-102] INFO  o.e.m.c.i.embedder.EclipseLogger - Copying 0 resource
2018-12-07 17:12:49,918 [Worker-102] INFO  o.e.m.c.i.embedder.EclipseLogger - Using 'UTF-8' encoding to copy filtered resources.
2018-12-07 17:12:49,929 [Worker-102] INFO  o.e.m.c.i.embedder.EclipseLogger - skip non existing resourceDirectory C:\Java\TrainingHOL\javaapp-sprint\src\test\resources
2018-12-07 17:13:17,530 [Worker-112] INFO  o.e.m.c.i.e.AbstractTransferListenerAdapter - Downloading https://repo.maven.apache.org/maven2/org/apache/maven/plugins/maven-dependency-plugin/3.0.2/maven-dependency-plugin-3.0.2.jar
2018-12-07 17:13:17,745 [Worker-112] INFO  o.e.m.c.i.e.AbstractTransferListenerAdapter - Downloaded https://repo.maven.apache.org/maven2/org/apache/maven/plugins/maven-dependency-plugin/3.0.2/maven-dependency-plugin-3.0.2.jar
2018-12-07 17:13:18,668 [Worker-112] INFO  o.e.m.c.i.l.LifecycleMappingFactory - Using org.eclipse.m2e.jdt.JarLifecycleMapping lifecycle mapping for MavenProject: com.sprint:javaapp-sprint:0.0.1-SNAPSHOT @ C:\Java\TrainingHOL\javaapp-sprint\pom.xml.
2018-12-07 17:13:19,471 [Worker-112] INFO  o.e.m.c.i.embedder.EclipseLogger - Using 'UTF-8' encoding to copy filtered resources.
2018-12-07 17:13:19,484 [Worker-112] INFO  o.e.m.c.i.embedder.EclipseLogger - Copying 0 resource
2018-12-07 17:13:19,493 [Worker-112] INFO  o.e.m.c.i.embedder.EclipseLogger - Copying 0 resource
2018-12-07 17:13:19,496 [Worker-112] INFO  o.e.m.c.i.embedder.EclipseLogger - Using 'UTF-8' encoding to copy filtered resources.
2018-12-07 17:13:19,505 [Worker-112] INFO  o.e.m.c.i.embedder.EclipseLogger - skip non existing resourceDirectory C:\Java\TrainingHOL\javaapp-sprint\src\test\resources
2018-12-07 17:13:25,840 [Worker-110] INFO  o.e.m.c.i.l.LifecycleMappingFactory - Using org.eclipse.m2e.jdt.JarLifecycleMapping lifecycle mapping for MavenProject: com.sprint:javaapp-sprint:0.0.1-SNAPSHOT @ C:\Java\TrainingHOL\javaapp-sprint\pom.xml.
2018-12-07 17:13:26,898 [Worker-110] INFO  o.e.m.c.i.embedder.EclipseLogger - Using 'UTF-8' encoding to copy filtered resources.
2018-12-07 17:13:26,915 [Worker-110] INFO  o.e.m.c.i.embedder.EclipseLogger - Copying 0 resource
2018-12-07 17:13:26,926 [Worker-110] INFO  o.e.m.c.i.embedder.EclipseLogger - Copying 0 resource
2018-12-07 17:13:26,930 [Worker-110] INFO  o.e.m.c.i.embedder.EclipseLogger - Using 'UTF-8' encoding to copy filtered resources.
2018-12-07 17:13:26,942 [Worker-110] INFO  o.e.m.c.i.embedder.EclipseLogger - skip non existing resourceDirectory C:\Java\TrainingHOL\javaapp-sprint\src\test\resources
2018-12-11 17:26:29,430 [Worker-2] INFO  c.g.t.t.d.PublishedGradleVersions - Gradle version information cache is out-of-date. Trying to update.
2018-12-11 17:26:52,702 [Worker-5] INFO  o.e.m.c.i.l.LifecycleMappingFactory - Using org.eclipse.m2e.jdt.JarLifecycleMapping lifecycle mapping for MavenProject: com.sprint:javaapp-sprint:0.0.1-SNAPSHOT @ C:\Java\TrainingHOL\javaapp-sprint\pom.xml.
2018-12-11 17:26:56,316 [Worker-5] INFO  o.e.m.c.i.embedder.EclipseLogger - Using 'UTF-8' encoding to copy filtered resources.
2018-12-11 17:26:56,321 [Worker-5] INFO  o.e.m.c.i.embedder.EclipseLogger - Copying 1 resource
2018-12-11 17:26:56,342 [Worker-5] INFO  o.e.m.c.i.embedder.EclipseLogger - Copying 21 resources
2018-12-11 17:26:56,674 [Worker-5] INFO  o.e.m.c.i.embedder.EclipseLogger - Using 'UTF-8' encoding to copy filtered resources.
2018-12-11 17:26:56,674 [Worker-5] INFO  o.e.m.c.i.embedder.EclipseLogger - skip non existing resourceDirectory C:\Java\TrainingHOL\javaapp-sprint\src\test\resources
2018-12-12 09:22:56,114 [Worker-2] INFO  c.g.t.t.d.PublishedGradleVersions - Gradle version information cache is up-to-date. Trying to read.
2018-12-12 09:24:31,180 [main] INFO  o.e.m.i.launch.MavenLaunchDelegate - C:\Java\TrainingHOL\javaapp-sprint
2018-12-12 09:24:31,182 [main] INFO  o.e.m.i.launch.MavenLaunchDelegate -  mvn -B package
2018-12-12 09:25:12,982 [Worker-14] INFO  o.e.m.c.i.embedder.EclipseLogger - Using 'UTF-8' encoding to copy filtered resources.
2018-12-12 09:25:12,994 [Worker-14] INFO  o.e.m.c.i.embedder.EclipseLogger - Copying 1 resource
2018-12-12 09:25:13,042 [Worker-14] INFO  o.e.m.c.i.embedder.EclipseLogger - Copying 21 resources
2018-12-12 09:25:13,053 [Worker-14] INFO  o.e.m.c.i.embedder.EclipseLogger - Using 'UTF-8' encoding to copy filtered resources.
2018-12-12 09:25:13,054 [Worker-14] INFO  o.e.m.c.i.embedder.EclipseLogger - skip non existing resourceDirectory C:\Java\TrainingHOL\javaapp-sprint\src\test\resources
2018-12-12 09:34:13,835 [Worker-5] INFO  c.g.t.t.d.PublishedGradleVersions - Gradle version information cache is up-to-date. Trying to read.
2018-12-12 09:34:21,087 [Worker-15] INFO  o.e.m.c.i.embedder.EclipseLogger - Using 'UTF-8' encoding to copy filtered resources.
2018-12-12 09:34:21,095 [Worker-15] INFO  o.e.m.c.i.embedder.EclipseLogger - Copying 1 resource
2018-12-12 09:34:21,121 [Worker-15] INFO  o.e.m.c.i.embedder.EclipseLogger - Copying 21 resources
2018-12-12 09:34:21,132 [Worker-15] INFO  o.e.m.c.i.embedder.EclipseLogger - Using 'UTF-8' encoding to copy filtered resources.
2018-12-12 09:34:21,132 [Worker-15] INFO  o.e.m.c.i.embedder.EclipseLogger - skip non existing resourceDirectory C:\Java\TrainingHOL\javaapp-sprint\src\test\resources
2018-12-12 21:57:13,086 [Worker-6] INFO  c.g.t.t.d.PublishedGradleVersions - Gradle version information cache is out-of-date. Trying to update.
2018-12-12 22:01:12,921 [main] INFO  o.e.m.i.launch.MavenLaunchDelegate - C:\Java\TrainingHOL\javaapp-sprint
2018-12-12 22:01:12,923 [main] INFO  o.e.m.i.launch.MavenLaunchDelegate -  mvn -B package
2018-12-12 22:01:53,267 [Worker-22] INFO  o.e.m.c.i.embedder.EclipseLogger - Using 'UTF-8' encoding to copy filtered resources.
2018-12-12 22:01:53,278 [Worker-22] INFO  o.e.m.c.i.embedder.EclipseLogger - Copying 1 resource
2018-12-12 22:01:53,307 [Worker-22] INFO  o.e.m.c.i.embedder.EclipseLogger - Copying 21 resources
2018-12-12 22:01:53,677 [Worker-22] INFO  o.e.m.c.i.embedder.EclipseLogger - Using 'UTF-8' encoding to copy filtered resources.
2018-12-12 22:01:53,677 [Worker-22] INFO  o.e.m.c.i.embedder.EclipseLogger - skip non existing resourceDirectory C:\Java\TrainingHOL\javaapp-sprint\src\test\resources
2018-12-19 11:53:10,721 [Worker-1] INFO  c.g.t.t.d.PublishedGradleVersions - Gradle version information cache is out-of-date. Trying to update.
2018-12-21 09:17:55,134 [Worker-0] INFO  c.g.t.t.d.PublishedGradleVersions - Gradle version information cache is out-of-date. Trying to update.
